<?xml version="1.0" encoding="UTF-8"?>
<testsuite xmlns:xsi="http://www.w3.org/2001/XMLSchema-instance" xsi:noNamespaceSchemaLocation="https://maven.apache.org/surefire/maven-surefire-plugin/xsd/surefire-test-report-3.0.xsd" version="3.0" name="com.omery.projectAtm.controller.UserControllerIntegrationTest" time="27.431" tests="7" errors="0" skipped="0" failures="0">
  <properties>
    <property name="java.specification.version" value="17"/>
    <property name="sun.jnu.encoding" value="UTF-8"/>
    <property name="java.class.path" value="/root/spring-boot-atmProject/backend/target/test-classes:/root/spring-boot-atmProject/backend/target/classes:/root/.m2/repository/org/springframework/boot/spring-boot-starter-data-jpa/3.2.2/spring-boot-starter-data-jpa-3.2.2.jar:/root/.m2/repository/org/springframework/boot/spring-boot-starter-aop/3.2.2/spring-boot-starter-aop-3.2.2.jar:/root/.m2/repository/org/springframework/spring-aop/6.1.3/spring-aop-6.1.3.jar:/root/.m2/repository/org/aspectj/aspectjweaver/1.9.21/aspectjweaver-1.9.21.jar:/root/.m2/repository/org/hibernate/orm/hibernate-core/6.4.1.Final/hibernate-core-6.4.1.Final.jar:/root/.m2/repository/jakarta/persistence/jakarta.persistence-api/3.1.0/jakarta.persistence-api-3.1.0.jar:/root/.m2/repository/jakarta/transaction/jakarta.transaction-api/2.0.1/jakarta.transaction-api-2.0.1.jar:/root/.m2/repository/org/jboss/logging/jboss-logging/3.5.3.Final/jboss-logging-3.5.3.Final.jar:/root/.m2/repository/org/hibernate/common/hibernate-commons-annotations/6.0.6.Final/hibernate-commons-annotations-6.0.6.Final.jar:/root/.m2/repository/io/smallrye/jandex/3.1.2/jandex-3.1.2.jar:/root/.m2/repository/com/fasterxml/classmate/1.6.0/classmate-1.6.0.jar:/root/.m2/repository/net/bytebuddy/byte-buddy/1.14.11/byte-buddy-1.14.11.jar:/root/.m2/repository/org/glassfish/jaxb/jaxb-runtime/4.0.4/jaxb-runtime-4.0.4.jar:/root/.m2/repository/org/glassfish/jaxb/jaxb-core/4.0.4/jaxb-core-4.0.4.jar:/root/.m2/repository/org/eclipse/angus/angus-activation/2.0.1/angus-activation-2.0.1.jar:/root/.m2/repository/org/glassfish/jaxb/txw2/4.0.4/txw2-4.0.4.jar:/root/.m2/repository/com/sun/istack/istack-commons-runtime/4.1.2/istack-commons-runtime-4.1.2.jar:/root/.m2/repository/jakarta/inject/jakarta.inject-api/2.0.1/jakarta.inject-api-2.0.1.jar:/root/.m2/repository/org/antlr/antlr4-runtime/4.13.0/antlr4-runtime-4.13.0.jar:/root/.m2/repository/org/springframework/data/spring-data-jpa/3.2.2/spring-data-jpa-3.2.2.jar:/root/.m2/repository/org/springframework/data/spring-data-commons/3.2.2/spring-data-commons-3.2.2.jar:/root/.m2/repository/org/springframework/spring-orm/6.1.3/spring-orm-6.1.3.jar:/root/.m2/repository/org/springframework/spring-context/6.1.3/spring-context-6.1.3.jar:/root/.m2/repository/org/springframework/spring-tx/6.1.3/spring-tx-6.1.3.jar:/root/.m2/repository/org/springframework/spring-beans/6.1.3/spring-beans-6.1.3.jar:/root/.m2/repository/jakarta/annotation/jakarta.annotation-api/2.1.1/jakarta.annotation-api-2.1.1.jar:/root/.m2/repository/org/slf4j/slf4j-api/2.0.11/slf4j-api-2.0.11.jar:/root/.m2/repository/org/springframework/spring-aspects/6.1.3/spring-aspects-6.1.3.jar:/root/.m2/repository/org/springframework/boot/spring-boot-starter-jdbc/3.2.2/spring-boot-starter-jdbc-3.2.2.jar:/root/.m2/repository/org/springframework/boot/spring-boot-starter/3.2.2/spring-boot-starter-3.2.2.jar:/root/.m2/repository/org/springframework/boot/spring-boot/3.2.2/spring-boot-3.2.2.jar:/root/.m2/repository/org/springframework/boot/spring-boot-autoconfigure/3.2.2/spring-boot-autoconfigure-3.2.2.jar:/root/.m2/repository/org/springframework/boot/spring-boot-starter-logging/3.2.2/spring-boot-starter-logging-3.2.2.jar:/root/.m2/repository/ch/qos/logback/logback-classic/1.4.14/logback-classic-1.4.14.jar:/root/.m2/repository/ch/qos/logback/logback-core/1.4.14/logback-core-1.4.14.jar:/root/.m2/repository/org/apache/logging/log4j/log4j-to-slf4j/2.21.1/log4j-to-slf4j-2.21.1.jar:/root/.m2/repository/org/apache/logging/log4j/log4j-api/2.21.1/log4j-api-2.21.1.jar:/root/.m2/repository/org/slf4j/jul-to-slf4j/2.0.11/jul-to-slf4j-2.0.11.jar:/root/.m2/repository/org/yaml/snakeyaml/2.2/snakeyaml-2.2.jar:/root/.m2/repository/com/zaxxer/HikariCP/5.0.1/HikariCP-5.0.1.jar:/root/.m2/repository/org/springframework/spring-jdbc/6.1.3/spring-jdbc-6.1.3.jar:/root/.m2/repository/org/springframework/boot/spring-boot-starter-web/3.2.2/spring-boot-starter-web-3.2.2.jar:/root/.m2/repository/org/springframework/boot/spring-boot-starter-json/3.2.2/spring-boot-starter-json-3.2.2.jar:/root/.m2/repository/com/fasterxml/jackson/core/jackson-databind/2.15.3/jackson-databind-2.15.3.jar:/root/.m2/repository/com/fasterxml/jackson/core/jackson-annotations/2.15.3/jackson-annotations-2.15.3.jar:/root/.m2/repository/com/fasterxml/jackson/core/jackson-core/2.15.3/jackson-core-2.15.3.jar:/root/.m2/repository/com/fasterxml/jackson/datatype/jackson-datatype-jdk8/2.15.3/jackson-datatype-jdk8-2.15.3.jar:/root/.m2/repository/com/fasterxml/jackson/datatype/jackson-datatype-jsr310/2.15.3/jackson-datatype-jsr310-2.15.3.jar:/root/.m2/repository/com/fasterxml/jackson/module/jackson-module-parameter-names/2.15.3/jackson-module-parameter-names-2.15.3.jar:/root/.m2/repository/org/springframework/boot/spring-boot-starter-tomcat/3.2.2/spring-boot-starter-tomcat-3.2.2.jar:/root/.m2/repository/org/apache/tomcat/embed/tomcat-embed-core/10.1.18/tomcat-embed-core-10.1.18.jar:/root/.m2/repository/org/apache/tomcat/embed/tomcat-embed-el/10.1.18/tomcat-embed-el-10.1.18.jar:/root/.m2/repository/org/apache/tomcat/embed/tomcat-embed-websocket/10.1.18/tomcat-embed-websocket-10.1.18.jar:/root/.m2/repository/org/springframework/spring-web/6.1.3/spring-web-6.1.3.jar:/root/.m2/repository/io/micrometer/micrometer-observation/1.12.2/micrometer-observation-1.12.2.jar:/root/.m2/repository/io/micrometer/micrometer-commons/1.12.2/micrometer-commons-1.12.2.jar:/root/.m2/repository/org/springframework/spring-webmvc/6.1.3/spring-webmvc-6.1.3.jar:/root/.m2/repository/org/springframework/spring-expression/6.1.3/spring-expression-6.1.3.jar:/root/.m2/repository/org/springframework/boot/spring-boot-starter-test/3.2.2/spring-boot-starter-test-3.2.2.jar:/root/.m2/repository/org/springframework/boot/spring-boot-test/3.2.2/spring-boot-test-3.2.2.jar:/root/.m2/repository/org/springframework/boot/spring-boot-test-autoconfigure/3.2.2/spring-boot-test-autoconfigure-3.2.2.jar:/root/.m2/repository/com/jayway/jsonpath/json-path/2.8.0/json-path-2.8.0.jar:/root/.m2/repository/jakarta/xml/bind/jakarta.xml.bind-api/4.0.1/jakarta.xml.bind-api-4.0.1.jar:/root/.m2/repository/jakarta/activation/jakarta.activation-api/2.1.2/jakarta.activation-api-2.1.2.jar:/root/.m2/repository/net/minidev/json-smart/2.5.0/json-smart-2.5.0.jar:/root/.m2/repository/net/minidev/accessors-smart/2.5.0/accessors-smart-2.5.0.jar:/root/.m2/repository/org/ow2/asm/asm/9.3/asm-9.3.jar:/root/.m2/repository/org/assertj/assertj-core/3.24.2/assertj-core-3.24.2.jar:/root/.m2/repository/org/awaitility/awaitility/4.2.0/awaitility-4.2.0.jar:/root/.m2/repository/org/hamcrest/hamcrest/2.2/hamcrest-2.2.jar:/root/.m2/repository/org/junit/jupiter/junit-jupiter/5.10.1/junit-jupiter-5.10.1.jar:/root/.m2/repository/org/junit/jupiter/junit-jupiter-api/5.10.1/junit-jupiter-api-5.10.1.jar:/root/.m2/repository/org/opentest4j/opentest4j/1.3.0/opentest4j-1.3.0.jar:/root/.m2/repository/org/junit/platform/junit-platform-commons/1.10.1/junit-platform-commons-1.10.1.jar:/root/.m2/repository/org/apiguardian/apiguardian-api/1.1.2/apiguardian-api-1.1.2.jar:/root/.m2/repository/org/junit/jupiter/junit-jupiter-params/5.10.1/junit-jupiter-params-5.10.1.jar:/root/.m2/repository/org/junit/jupiter/junit-jupiter-engine/5.10.1/junit-jupiter-engine-5.10.1.jar:/root/.m2/repository/org/junit/platform/junit-platform-engine/1.10.1/junit-platform-engine-1.10.1.jar:/root/.m2/repository/org/mockito/mockito-core/5.7.0/mockito-core-5.7.0.jar:/root/.m2/repository/net/bytebuddy/byte-buddy-agent/1.14.11/byte-buddy-agent-1.14.11.jar:/root/.m2/repository/org/objenesis/objenesis/3.3/objenesis-3.3.jar:/root/.m2/repository/org/mockito/mockito-junit-jupiter/5.7.0/mockito-junit-jupiter-5.7.0.jar:/root/.m2/repository/org/skyscreamer/jsonassert/1.5.1/jsonassert-1.5.1.jar:/root/.m2/repository/com/vaadin/external/google/android-json/0.0.20131108.vaadin1/android-json-0.0.20131108.vaadin1.jar:/root/.m2/repository/org/springframework/spring-core/6.1.3/spring-core-6.1.3.jar:/root/.m2/repository/org/springframework/spring-jcl/6.1.3/spring-jcl-6.1.3.jar:/root/.m2/repository/org/springframework/spring-test/6.1.3/spring-test-6.1.3.jar:/root/.m2/repository/org/xmlunit/xmlunit-core/2.9.1/xmlunit-core-2.9.1.jar:/root/.m2/repository/org/postgresql/postgresql/42.6.0/postgresql-42.6.0.jar:/root/.m2/repository/org/checkerframework/checker-qual/3.31.0/checker-qual-3.31.0.jar:/root/.m2/repository/com/h2database/h2/2.2.224/h2-2.2.224.jar:/root/.m2/repository/org/projectlombok/lombok/1.18.30/lombok-1.18.30.jar:/root/.m2/repository/org/modelmapper/modelmapper/3.0.0/modelmapper-3.0.0.jar:"/>
    <property name="java.vm.vendor" value="Ubuntu"/>
    <property name="sun.arch.data.model" value="64"/>
    <property name="java.vendor.url" value="https://ubuntu.com/"/>
    <property name="user.timezone" value="Etc/UTC"/>
    <property name="org.jboss.logging.provider" value="slf4j"/>
    <property name="os.name" value="Linux"/>
    <property name="java.vm.specification.version" value="17"/>
    <property name="sun.java.launcher" value="SUN_STANDARD"/>
    <property name="sun.boot.library.path" value="/usr/lib/jvm/java-17-openjdk-amd64/lib"/>
    <property name="sun.java.command" value="/root/spring-boot-atmProject/backend/target/surefire/surefirebooter-20240812110401782_3.jar /root/spring-boot-atmProject/backend/target/surefire 2024-08-12T11-04-01_468-jvmRun1 surefire-20240812110401782_1tmp surefire_0-20240812110401782_2tmp"/>
    <property name="jdk.debug" value="release"/>
    <property name="surefire.test.class.path" value="/root/spring-boot-atmProject/backend/target/test-classes:/root/spring-boot-atmProject/backend/target/classes:/root/.m2/repository/org/springframework/boot/spring-boot-starter-data-jpa/3.2.2/spring-boot-starter-data-jpa-3.2.2.jar:/root/.m2/repository/org/springframework/boot/spring-boot-starter-aop/3.2.2/spring-boot-starter-aop-3.2.2.jar:/root/.m2/repository/org/springframework/spring-aop/6.1.3/spring-aop-6.1.3.jar:/root/.m2/repository/org/aspectj/aspectjweaver/1.9.21/aspectjweaver-1.9.21.jar:/root/.m2/repository/org/hibernate/orm/hibernate-core/6.4.1.Final/hibernate-core-6.4.1.Final.jar:/root/.m2/repository/jakarta/persistence/jakarta.persistence-api/3.1.0/jakarta.persistence-api-3.1.0.jar:/root/.m2/repository/jakarta/transaction/jakarta.transaction-api/2.0.1/jakarta.transaction-api-2.0.1.jar:/root/.m2/repository/org/jboss/logging/jboss-logging/3.5.3.Final/jboss-logging-3.5.3.Final.jar:/root/.m2/repository/org/hibernate/common/hibernate-commons-annotations/6.0.6.Final/hibernate-commons-annotations-6.0.6.Final.jar:/root/.m2/repository/io/smallrye/jandex/3.1.2/jandex-3.1.2.jar:/root/.m2/repository/com/fasterxml/classmate/1.6.0/classmate-1.6.0.jar:/root/.m2/repository/net/bytebuddy/byte-buddy/1.14.11/byte-buddy-1.14.11.jar:/root/.m2/repository/org/glassfish/jaxb/jaxb-runtime/4.0.4/jaxb-runtime-4.0.4.jar:/root/.m2/repository/org/glassfish/jaxb/jaxb-core/4.0.4/jaxb-core-4.0.4.jar:/root/.m2/repository/org/eclipse/angus/angus-activation/2.0.1/angus-activation-2.0.1.jar:/root/.m2/repository/org/glassfish/jaxb/txw2/4.0.4/txw2-4.0.4.jar:/root/.m2/repository/com/sun/istack/istack-commons-runtime/4.1.2/istack-commons-runtime-4.1.2.jar:/root/.m2/repository/jakarta/inject/jakarta.inject-api/2.0.1/jakarta.inject-api-2.0.1.jar:/root/.m2/repository/org/antlr/antlr4-runtime/4.13.0/antlr4-runtime-4.13.0.jar:/root/.m2/repository/org/springframework/data/spring-data-jpa/3.2.2/spring-data-jpa-3.2.2.jar:/root/.m2/repository/org/springframework/data/spring-data-commons/3.2.2/spring-data-commons-3.2.2.jar:/root/.m2/repository/org/springframework/spring-orm/6.1.3/spring-orm-6.1.3.jar:/root/.m2/repository/org/springframework/spring-context/6.1.3/spring-context-6.1.3.jar:/root/.m2/repository/org/springframework/spring-tx/6.1.3/spring-tx-6.1.3.jar:/root/.m2/repository/org/springframework/spring-beans/6.1.3/spring-beans-6.1.3.jar:/root/.m2/repository/jakarta/annotation/jakarta.annotation-api/2.1.1/jakarta.annotation-api-2.1.1.jar:/root/.m2/repository/org/slf4j/slf4j-api/2.0.11/slf4j-api-2.0.11.jar:/root/.m2/repository/org/springframework/spring-aspects/6.1.3/spring-aspects-6.1.3.jar:/root/.m2/repository/org/springframework/boot/spring-boot-starter-jdbc/3.2.2/spring-boot-starter-jdbc-3.2.2.jar:/root/.m2/repository/org/springframework/boot/spring-boot-starter/3.2.2/spring-boot-starter-3.2.2.jar:/root/.m2/repository/org/springframework/boot/spring-boot/3.2.2/spring-boot-3.2.2.jar:/root/.m2/repository/org/springframework/boot/spring-boot-autoconfigure/3.2.2/spring-boot-autoconfigure-3.2.2.jar:/root/.m2/repository/org/springframework/boot/spring-boot-starter-logging/3.2.2/spring-boot-starter-logging-3.2.2.jar:/root/.m2/repository/ch/qos/logback/logback-classic/1.4.14/logback-classic-1.4.14.jar:/root/.m2/repository/ch/qos/logback/logback-core/1.4.14/logback-core-1.4.14.jar:/root/.m2/repository/org/apache/logging/log4j/log4j-to-slf4j/2.21.1/log4j-to-slf4j-2.21.1.jar:/root/.m2/repository/org/apache/logging/log4j/log4j-api/2.21.1/log4j-api-2.21.1.jar:/root/.m2/repository/org/slf4j/jul-to-slf4j/2.0.11/jul-to-slf4j-2.0.11.jar:/root/.m2/repository/org/yaml/snakeyaml/2.2/snakeyaml-2.2.jar:/root/.m2/repository/com/zaxxer/HikariCP/5.0.1/HikariCP-5.0.1.jar:/root/.m2/repository/org/springframework/spring-jdbc/6.1.3/spring-jdbc-6.1.3.jar:/root/.m2/repository/org/springframework/boot/spring-boot-starter-web/3.2.2/spring-boot-starter-web-3.2.2.jar:/root/.m2/repository/org/springframework/boot/spring-boot-starter-json/3.2.2/spring-boot-starter-json-3.2.2.jar:/root/.m2/repository/com/fasterxml/jackson/core/jackson-databind/2.15.3/jackson-databind-2.15.3.jar:/root/.m2/repository/com/fasterxml/jackson/core/jackson-annotations/2.15.3/jackson-annotations-2.15.3.jar:/root/.m2/repository/com/fasterxml/jackson/core/jackson-core/2.15.3/jackson-core-2.15.3.jar:/root/.m2/repository/com/fasterxml/jackson/datatype/jackson-datatype-jdk8/2.15.3/jackson-datatype-jdk8-2.15.3.jar:/root/.m2/repository/com/fasterxml/jackson/datatype/jackson-datatype-jsr310/2.15.3/jackson-datatype-jsr310-2.15.3.jar:/root/.m2/repository/com/fasterxml/jackson/module/jackson-module-parameter-names/2.15.3/jackson-module-parameter-names-2.15.3.jar:/root/.m2/repository/org/springframework/boot/spring-boot-starter-tomcat/3.2.2/spring-boot-starter-tomcat-3.2.2.jar:/root/.m2/repository/org/apache/tomcat/embed/tomcat-embed-core/10.1.18/tomcat-embed-core-10.1.18.jar:/root/.m2/repository/org/apache/tomcat/embed/tomcat-embed-el/10.1.18/tomcat-embed-el-10.1.18.jar:/root/.m2/repository/org/apache/tomcat/embed/tomcat-embed-websocket/10.1.18/tomcat-embed-websocket-10.1.18.jar:/root/.m2/repository/org/springframework/spring-web/6.1.3/spring-web-6.1.3.jar:/root/.m2/repository/io/micrometer/micrometer-observation/1.12.2/micrometer-observation-1.12.2.jar:/root/.m2/repository/io/micrometer/micrometer-commons/1.12.2/micrometer-commons-1.12.2.jar:/root/.m2/repository/org/springframework/spring-webmvc/6.1.3/spring-webmvc-6.1.3.jar:/root/.m2/repository/org/springframework/spring-expression/6.1.3/spring-expression-6.1.3.jar:/root/.m2/repository/org/springframework/boot/spring-boot-starter-test/3.2.2/spring-boot-starter-test-3.2.2.jar:/root/.m2/repository/org/springframework/boot/spring-boot-test/3.2.2/spring-boot-test-3.2.2.jar:/root/.m2/repository/org/springframework/boot/spring-boot-test-autoconfigure/3.2.2/spring-boot-test-autoconfigure-3.2.2.jar:/root/.m2/repository/com/jayway/jsonpath/json-path/2.8.0/json-path-2.8.0.jar:/root/.m2/repository/jakarta/xml/bind/jakarta.xml.bind-api/4.0.1/jakarta.xml.bind-api-4.0.1.jar:/root/.m2/repository/jakarta/activation/jakarta.activation-api/2.1.2/jakarta.activation-api-2.1.2.jar:/root/.m2/repository/net/minidev/json-smart/2.5.0/json-smart-2.5.0.jar:/root/.m2/repository/net/minidev/accessors-smart/2.5.0/accessors-smart-2.5.0.jar:/root/.m2/repository/org/ow2/asm/asm/9.3/asm-9.3.jar:/root/.m2/repository/org/assertj/assertj-core/3.24.2/assertj-core-3.24.2.jar:/root/.m2/repository/org/awaitility/awaitility/4.2.0/awaitility-4.2.0.jar:/root/.m2/repository/org/hamcrest/hamcrest/2.2/hamcrest-2.2.jar:/root/.m2/repository/org/junit/jupiter/junit-jupiter/5.10.1/junit-jupiter-5.10.1.jar:/root/.m2/repository/org/junit/jupiter/junit-jupiter-api/5.10.1/junit-jupiter-api-5.10.1.jar:/root/.m2/repository/org/opentest4j/opentest4j/1.3.0/opentest4j-1.3.0.jar:/root/.m2/repository/org/junit/platform/junit-platform-commons/1.10.1/junit-platform-commons-1.10.1.jar:/root/.m2/repository/org/apiguardian/apiguardian-api/1.1.2/apiguardian-api-1.1.2.jar:/root/.m2/repository/org/junit/jupiter/junit-jupiter-params/5.10.1/junit-jupiter-params-5.10.1.jar:/root/.m2/repository/org/junit/jupiter/junit-jupiter-engine/5.10.1/junit-jupiter-engine-5.10.1.jar:/root/.m2/repository/org/junit/platform/junit-platform-engine/1.10.1/junit-platform-engine-1.10.1.jar:/root/.m2/repository/org/mockito/mockito-core/5.7.0/mockito-core-5.7.0.jar:/root/.m2/repository/net/bytebuddy/byte-buddy-agent/1.14.11/byte-buddy-agent-1.14.11.jar:/root/.m2/repository/org/objenesis/objenesis/3.3/objenesis-3.3.jar:/root/.m2/repository/org/mockito/mockito-junit-jupiter/5.7.0/mockito-junit-jupiter-5.7.0.jar:/root/.m2/repository/org/skyscreamer/jsonassert/1.5.1/jsonassert-1.5.1.jar:/root/.m2/repository/com/vaadin/external/google/android-json/0.0.20131108.vaadin1/android-json-0.0.20131108.vaadin1.jar:/root/.m2/repository/org/springframework/spring-core/6.1.3/spring-core-6.1.3.jar:/root/.m2/repository/org/springframework/spring-jcl/6.1.3/spring-jcl-6.1.3.jar:/root/.m2/repository/org/springframework/spring-test/6.1.3/spring-test-6.1.3.jar:/root/.m2/repository/org/xmlunit/xmlunit-core/2.9.1/xmlunit-core-2.9.1.jar:/root/.m2/repository/org/postgresql/postgresql/42.6.0/postgresql-42.6.0.jar:/root/.m2/repository/org/checkerframework/checker-qual/3.31.0/checker-qual-3.31.0.jar:/root/.m2/repository/com/h2database/h2/2.2.224/h2-2.2.224.jar:/root/.m2/repository/org/projectlombok/lombok/1.18.30/lombok-1.18.30.jar:/root/.m2/repository/org/modelmapper/modelmapper/3.0.0/modelmapper-3.0.0.jar:"/>
    <property name="sun.cpu.endian" value="little"/>
    <property name="user.home" value="/root"/>
    <property name="user.language" value="en"/>
    <property name="java.specification.vendor" value="Oracle Corporation"/>
    <property name="java.version.date" value="2024-07-16"/>
    <property name="java.home" value="/usr/lib/jvm/java-17-openjdk-amd64"/>
    <property name="file.separator" value="/"/>
    <property name="basedir" value="/root/spring-boot-atmProject/backend"/>
    <property name="java.vm.compressedOopsMode" value="32-bit"/>
    <property name="line.separator" value="&#10;"/>
    <property name="java.specification.name" value="Java Platform API Specification"/>
    <property name="java.vm.specification.vendor" value="Oracle Corporation"/>
    <property name="FILE_LOG_CHARSET" value="UTF-8"/>
    <property name="java.awt.headless" value="true"/>
    <property name="surefire.real.class.path" value="/root/spring-boot-atmProject/backend/target/surefire/surefirebooter-20240812110401782_3.jar"/>
    <property name="sun.management.compiler" value="HotSpot 64-Bit Tiered Compilers"/>
    <property name="java.runtime.version" value="17.0.12+7-Ubuntu-1ubuntu224.04"/>
    <property name="user.name" value="root"/>
    <property name="path.separator" value=":"/>
    <property name="os.version" value="6.8.0-36-generic"/>
    <property name="java.runtime.name" value="OpenJDK Runtime Environment"/>
    <property name="file.encoding" value="UTF-8"/>
    <property name="java.vm.name" value="OpenJDK 64-Bit Server VM"/>
    <property name="localRepository" value="/root/.m2/repository"/>
    <property name="java.vendor.url.bug" value="https://bugs.launchpad.net/ubuntu/+source/openjdk-17"/>
    <property name="java.io.tmpdir" value="/tmp"/>
    <property name="com.zaxxer.hikari.pool_number" value="7"/>
    <property name="java.version" value="17.0.12"/>
    <property name="user.dir" value="/root/spring-boot-atmProject/backend"/>
    <property name="os.arch" value="amd64"/>
    <property name="java.vm.specification.name" value="Java Virtual Machine Specification"/>
    <property name="PID" value="94997"/>
    <property name="CONSOLE_LOG_CHARSET" value="UTF-8"/>
    <property name="native.encoding" value="UTF-8"/>
    <property name="java.library.path" value="/usr/java/packages/lib:/usr/lib/x86_64-linux-gnu/jni:/lib/x86_64-linux-gnu:/usr/lib/x86_64-linux-gnu:/usr/lib/jni:/lib:/usr/lib"/>
    <property name="java.vm.info" value="mixed mode, sharing"/>
    <property name="java.vendor" value="Ubuntu"/>
    <property name="java.vm.version" value="17.0.12+7-Ubuntu-1ubuntu224.04"/>
    <property name="sun.io.unicode.encoding" value="UnicodeLittle"/>
    <property name="java.class.version" value="61.0"/>
  </properties>
  <testcase name="testThatGetUserReturnsHttpStatus404WhenNoAuthorExists" classname="com.omery.projectAtm.controller.UserControllerIntegrationTest" time="2.212">
    <system-out><![CDATA[11:04:04.005 [main] INFO org.springframework.test.context.support.AnnotationConfigContextLoaderUtils -- Could not detect default configuration classes for test class [com.omery.projectAtm.controller.UserControllerIntegrationTest]: UserControllerIntegrationTest does not declare any static, non-private, non-final, nested classes annotated with @Configuration.
11:04:04.375 [main] INFO org.springframework.boot.test.context.SpringBootTestContextBootstrapper -- Found @SpringBootConfiguration com.omery.projectAtm.ProjectAtmApplication for test class com.omery.projectAtm.controller.UserControllerIntegrationTest

  .   ____          _            __ _ _
 /\\ / ___'_ __ _ _(_)_ __  __ _ \ \ \ \
( ( )\___ | '_ | '_| | '_ \/ _` | \ \ \ \
 \\/  ___)| |_)| | | | | || (_| |  ) ) ) )
  '  |____| .__|_| |_|_| |_\__, | / / / /
 =========|_|==============|___/=/_/_/_/
 :: Spring Boot ::                (v3.2.2)

2024-08-12T11:04:05.495Z  INFO 94997 --- [           main] c.o.p.c.UserControllerIntegrationTest    : Starting UserControllerIntegrationTest using Java 17.0.12 with PID 94997 (started by root in /root/spring-boot-atmProject/backend)
2024-08-12T11:04:05.500Z  INFO 94997 --- [           main] c.o.p.c.UserControllerIntegrationTest    : The following 1 profile is active: "test"
2024-08-12T11:04:07.368Z  INFO 94997 --- [           main] .s.d.r.c.RepositoryConfigurationDelegate : Bootstrapping Spring Data JPA repositories in DEFAULT mode.
2024-08-12T11:04:07.555Z  INFO 94997 --- [           main] .s.d.r.c.RepositoryConfigurationDelegate : Finished Spring Data repository scanning in 167 ms. Found 2 JPA repository interfaces.
2024-08-12T11:04:09.086Z  INFO 94997 --- [           main] o.hibernate.jpa.internal.util.LogHelper  : HHH000204: Processing PersistenceUnitInfo [name: default]
2024-08-12T11:04:09.252Z  INFO 94997 --- [           main] org.hibernate.Version                    : HHH000412: Hibernate ORM core version 6.4.1.Final
2024-08-12T11:04:09.368Z  INFO 94997 --- [           main] o.h.c.internal.RegionFactoryInitiator    : HHH000026: Second-level cache disabled
2024-08-12T11:04:10.019Z  INFO 94997 --- [           main] o.s.o.j.p.SpringPersistenceUnitInfo      : No LoadTimeWeaver setup: ignoring JPA class transformer
2024-08-12T11:04:10.080Z  INFO 94997 --- [           main] com.zaxxer.hikari.HikariDataSource       : HikariPool-1 - Starting...
2024-08-12T11:04:10.547Z  INFO 94997 --- [           main] com.zaxxer.hikari.pool.HikariPool        : HikariPool-1 - Added connection conn0: url=jdbc:h2:mem:public user=POSTGRES
2024-08-12T11:04:10.553Z  INFO 94997 --- [           main] com.zaxxer.hikari.HikariDataSource       : HikariPool-1 - Start completed.
2024-08-12T11:04:10.634Z  WARN 94997 --- [           main] org.hibernate.orm.deprecation            : HHH90000025: H2Dialect does not need to be specified explicitly using 'hibernate.dialect' (remove the property setting and it will be selected by default)
2024-08-12T11:04:13.635Z  INFO 94997 --- [           main] o.h.e.t.j.p.i.JtaPlatformInitiator       : HHH000489: No JTA platform available (set 'hibernate.transaction.jta.platform' to enable JTA platform integration)
Hibernate: drop table if exists accounts cascade 
Hibernate: drop table if exists users cascade 
Hibernate: drop sequence if exists acc_id_seq
Hibernate: drop sequence if exists user_id_seq
Hibernate: create sequence acc_id_seq start with 1 increment by 50
Hibernate: create sequence user_id_seq start with 1 increment by 50
Hibernate: create table accounts (acc_id bigint not null, total_credit bigint not null, user_id bigint not null, primary key (acc_id))
Hibernate: create table users (id bigint not null, email varchar(255) not null unique, first_name varchar(255) not null, last_name varchar(255) not null, password varchar(255) not null, primary key (id))
Hibernate: alter table if exists accounts add constraint FKnjuop33mo69pd79ctplkck40n foreign key (user_id) references users
2024-08-12T11:04:13.747Z  INFO 94997 --- [           main] j.LocalContainerEntityManagerFactoryBean : Initialized JPA EntityManagerFactory for persistence unit 'default'
2024-08-12T11:04:14.525Z  INFO 94997 --- [           main] o.s.d.j.r.query.QueryEnhancerFactory     : Hibernate is in classpath; If applicable, HQL parser will be used.
2024-08-12T11:04:16.203Z  WARN 94997 --- [           main] JpaBaseConfiguration$JpaWebConfiguration : spring.jpa.open-in-view is enabled by default. Therefore, database queries may be performed during view rendering. Explicitly configure spring.jpa.open-in-view to disable this warning
2024-08-12T11:04:17.734Z  INFO 94997 --- [           main] o.s.b.t.m.w.SpringBootMockServletContext : Initializing Spring TestDispatcherServlet ''
2024-08-12T11:04:17.736Z  INFO 94997 --- [           main] o.s.t.web.servlet.TestDispatcherServlet  : Initializing Servlet ''
2024-08-12T11:04:17.745Z  INFO 94997 --- [           main] o.s.t.web.servlet.TestDispatcherServlet  : Completed initialization in 4 ms
2024-08-12T11:04:17.851Z  INFO 94997 --- [           main] c.o.p.c.UserControllerIntegrationTest    : Started UserControllerIntegrationTest in 13.076 seconds (process running for 15.863)
Hibernate: select ue1_0.id,ue1_0.email,ue1_0.first_name,ue1_0.last_name,ue1_0.password from users ue1_0 where ue1_0.id=?
2024-08-12T11:04:20.148Z  INFO 94997 --- [           main] j.LocalContainerEntityManagerFactoryBean : Closing JPA EntityManagerFactory for persistence unit 'default'
2024-08-12T11:04:20.156Z  INFO 94997 --- [           main] com.zaxxer.hikari.HikariDataSource       : HikariPool-1 - Shutdown initiated...
2024-08-12T11:04:20.167Z  INFO 94997 --- [           main] com.zaxxer.hikari.HikariDataSource       : HikariPool-1 - Shutdown completed.
]]></system-out>
  </testcase>
  <testcase name="testThatListUsersReturnsListOfAuthors" classname="com.omery.projectAtm.controller.UserControllerIntegrationTest" time="0.483">
    <system-out><![CDATA[
  .   ____          _            __ _ _
 /\\ / ___'_ __ _ _(_)_ __  __ _ \ \ \ \
( ( )\___ | '_ | '_| | '_ \/ _` | \ \ \ \
 \\/  ___)| |_)| | | | | || (_| |  ) ) ) )
  '  |____| .__|_| |_|_| |_\__, | / / / /
 =========|_|==============|___/=/_/_/_/
 :: Spring Boot ::                (v3.2.2)

2024-08-12T11:04:20.348Z  INFO 94997 --- [           main] c.o.p.c.UserControllerIntegrationTest    : Starting UserControllerIntegrationTest using Java 17.0.12 with PID 94997 (started by root in /root/spring-boot-atmProject/backend)
2024-08-12T11:04:20.352Z  INFO 94997 --- [           main] c.o.p.c.UserControllerIntegrationTest    : The following 1 profile is active: "test"
2024-08-12T11:04:20.973Z  INFO 94997 --- [           main] .s.d.r.c.RepositoryConfigurationDelegate : Bootstrapping Spring Data JPA repositories in DEFAULT mode.
2024-08-12T11:04:21.020Z  INFO 94997 --- [           main] .s.d.r.c.RepositoryConfigurationDelegate : Finished Spring Data repository scanning in 46 ms. Found 2 JPA repository interfaces.
2024-08-12T11:04:21.304Z  INFO 94997 --- [           main] o.hibernate.jpa.internal.util.LogHelper  : HHH000204: Processing PersistenceUnitInfo [name: default]
2024-08-12T11:04:21.312Z  INFO 94997 --- [           main] o.h.c.internal.RegionFactoryInitiator    : HHH000026: Second-level cache disabled
2024-08-12T11:04:21.343Z  INFO 94997 --- [           main] o.s.o.j.p.SpringPersistenceUnitInfo      : No LoadTimeWeaver setup: ignoring JPA class transformer
2024-08-12T11:04:21.348Z  INFO 94997 --- [           main] com.zaxxer.hikari.HikariDataSource       : HikariPool-2 - Starting...
2024-08-12T11:04:21.360Z  INFO 94997 --- [           main] com.zaxxer.hikari.pool.HikariPool        : HikariPool-2 - Added connection conn10: url=jdbc:h2:mem:public user=POSTGRES
2024-08-12T11:04:21.360Z  INFO 94997 --- [           main] com.zaxxer.hikari.HikariDataSource       : HikariPool-2 - Start completed.
2024-08-12T11:04:21.362Z  WARN 94997 --- [           main] org.hibernate.orm.deprecation            : HHH90000025: H2Dialect does not need to be specified explicitly using 'hibernate.dialect' (remove the property setting and it will be selected by default)
2024-08-12T11:04:21.530Z  INFO 94997 --- [           main] o.h.e.t.j.p.i.JtaPlatformInitiator       : HHH000489: No JTA platform available (set 'hibernate.transaction.jta.platform' to enable JTA platform integration)
Hibernate: drop table if exists accounts cascade 
Hibernate: drop table if exists users cascade 
Hibernate: drop sequence if exists acc_id_seq
Hibernate: drop sequence if exists user_id_seq
Hibernate: create sequence acc_id_seq start with 1 increment by 50
Hibernate: create sequence user_id_seq start with 1 increment by 50
Hibernate: create table accounts (acc_id bigint not null, total_credit bigint not null, user_id bigint not null, primary key (acc_id))
Hibernate: create table users (id bigint not null, email varchar(255) not null unique, first_name varchar(255) not null, last_name varchar(255) not null, password varchar(255) not null, primary key (id))
Hibernate: alter table if exists accounts add constraint FKnjuop33mo69pd79ctplkck40n foreign key (user_id) references users
2024-08-12T11:04:21.553Z  INFO 94997 --- [           main] j.LocalContainerEntityManagerFactoryBean : Initialized JPA EntityManagerFactory for persistence unit 'default'
2024-08-12T11:04:21.949Z  WARN 94997 --- [           main] JpaBaseConfiguration$JpaWebConfiguration : spring.jpa.open-in-view is enabled by default. Therefore, database queries may be performed during view rendering. Explicitly configure spring.jpa.open-in-view to disable this warning
2024-08-12T11:04:22.305Z  INFO 94997 --- [           main] o.s.b.t.m.w.SpringBootMockServletContext : Initializing Spring TestDispatcherServlet ''
2024-08-12T11:04:22.305Z  INFO 94997 --- [           main] o.s.t.web.servlet.TestDispatcherServlet  : Initializing Servlet ''
2024-08-12T11:04:22.308Z  INFO 94997 --- [           main] o.s.t.web.servlet.TestDispatcherServlet  : Completed initialization in 1 ms
2024-08-12T11:04:22.342Z  INFO 94997 --- [           main] c.o.p.c.UserControllerIntegrationTest    : Started UserControllerIntegrationTest in 2.131 seconds (process running for 20.355)
Hibernate: select ue1_0.id,ue1_0.email,ue1_0.first_name,ue1_0.last_name,ue1_0.password from users ue1_0 where ue1_0.id=?
Hibernate: select next value for user_id_seq
Hibernate: insert into users (email,first_name,last_name,password,id) values (?,?,?,?,?)
Hibernate: select ue1_0.id,ue1_0.email,ue1_0.first_name,ue1_0.last_name,ue1_0.password from users ue1_0
2024-08-12T11:04:22.831Z  INFO 94997 --- [           main] j.LocalContainerEntityManagerFactoryBean : Closing JPA EntityManagerFactory for persistence unit 'default'
2024-08-12T11:04:22.833Z  INFO 94997 --- [           main] com.zaxxer.hikari.HikariDataSource       : HikariPool-2 - Shutdown initiated...
2024-08-12T11:04:22.837Z  INFO 94997 --- [           main] com.zaxxer.hikari.HikariDataSource       : HikariPool-2 - Shutdown completed.
]]></system-out>
  </testcase>
  <testcase name="testThatDeleteUserRemovesUser" classname="com.omery.projectAtm.controller.UserControllerIntegrationTest" time="0.279">
    <system-out><![CDATA[
  .   ____          _            __ _ _
 /\\ / ___'_ __ _ _(_)_ __  __ _ \ \ \ \
( ( )\___ | '_ | '_| | '_ \/ _` | \ \ \ \
 \\/  ___)| |_)| | | | | || (_| |  ) ) ) )
  '  |____| .__|_| |_|_| |_\__, | / / / /
 =========|_|==============|___/=/_/_/_/
 :: Spring Boot ::                (v3.2.2)

2024-08-12T11:04:22.912Z  INFO 94997 --- [           main] c.o.p.c.UserControllerIntegrationTest    : Starting UserControllerIntegrationTest using Java 17.0.12 with PID 94997 (started by root in /root/spring-boot-atmProject/backend)
2024-08-12T11:04:22.913Z  INFO 94997 --- [           main] c.o.p.c.UserControllerIntegrationTest    : The following 1 profile is active: "test"
2024-08-12T11:04:23.345Z  INFO 94997 --- [           main] .s.d.r.c.RepositoryConfigurationDelegate : Bootstrapping Spring Data JPA repositories in DEFAULT mode.
2024-08-12T11:04:23.374Z  INFO 94997 --- [           main] .s.d.r.c.RepositoryConfigurationDelegate : Finished Spring Data repository scanning in 27 ms. Found 2 JPA repository interfaces.
2024-08-12T11:04:23.617Z  INFO 94997 --- [           main] o.hibernate.jpa.internal.util.LogHelper  : HHH000204: Processing PersistenceUnitInfo [name: default]
2024-08-12T11:04:23.624Z  INFO 94997 --- [           main] o.h.c.internal.RegionFactoryInitiator    : HHH000026: Second-level cache disabled
2024-08-12T11:04:23.632Z  INFO 94997 --- [           main] o.s.o.j.p.SpringPersistenceUnitInfo      : No LoadTimeWeaver setup: ignoring JPA class transformer
2024-08-12T11:04:23.651Z  INFO 94997 --- [           main] com.zaxxer.hikari.HikariDataSource       : HikariPool-3 - Starting...
2024-08-12T11:04:23.663Z  INFO 94997 --- [           main] com.zaxxer.hikari.pool.HikariPool        : HikariPool-3 - Added connection conn20: url=jdbc:h2:mem:public user=POSTGRES
2024-08-12T11:04:23.663Z  INFO 94997 --- [           main] com.zaxxer.hikari.HikariDataSource       : HikariPool-3 - Start completed.
2024-08-12T11:04:23.665Z  WARN 94997 --- [           main] org.hibernate.orm.deprecation            : HHH90000025: H2Dialect does not need to be specified explicitly using 'hibernate.dialect' (remove the property setting and it will be selected by default)
2024-08-12T11:04:23.832Z  INFO 94997 --- [           main] o.h.e.t.j.p.i.JtaPlatformInitiator       : HHH000489: No JTA platform available (set 'hibernate.transaction.jta.platform' to enable JTA platform integration)
Hibernate: drop table if exists accounts cascade 
Hibernate: drop table if exists users cascade 
Hibernate: drop sequence if exists acc_id_seq
Hibernate: drop sequence if exists user_id_seq
Hibernate: create sequence acc_id_seq start with 1 increment by 50
Hibernate: create sequence user_id_seq start with 1 increment by 50
Hibernate: create table accounts (acc_id bigint not null, total_credit bigint not null, user_id bigint not null, primary key (acc_id))
Hibernate: create table users (id bigint not null, email varchar(255) not null unique, first_name varchar(255) not null, last_name varchar(255) not null, password varchar(255) not null, primary key (id))
Hibernate: alter table if exists accounts add constraint FKnjuop33mo69pd79ctplkck40n foreign key (user_id) references users
2024-08-12T11:04:23.865Z  INFO 94997 --- [           main] j.LocalContainerEntityManagerFactoryBean : Initialized JPA EntityManagerFactory for persistence unit 'default'
2024-08-12T11:04:24.222Z  WARN 94997 --- [           main] JpaBaseConfiguration$JpaWebConfiguration : spring.jpa.open-in-view is enabled by default. Therefore, database queries may be performed during view rendering. Explicitly configure spring.jpa.open-in-view to disable this warning
2024-08-12T11:04:24.505Z  INFO 94997 --- [           main] o.s.b.t.m.w.SpringBootMockServletContext : Initializing Spring TestDispatcherServlet ''
2024-08-12T11:04:24.505Z  INFO 94997 --- [           main] o.s.t.web.servlet.TestDispatcherServlet  : Initializing Servlet ''
2024-08-12T11:04:24.507Z  INFO 94997 --- [           main] o.s.t.web.servlet.TestDispatcherServlet  : Completed initialization in 2 ms
2024-08-12T11:04:24.528Z  INFO 94997 --- [           main] c.o.p.c.UserControllerIntegrationTest    : Started UserControllerIntegrationTest in 1.679 seconds (process running for 22.54)
Hibernate: select ue1_0.id,ue1_0.email,ue1_0.first_name,ue1_0.last_name,ue1_0.password from users ue1_0 where ue1_0.id=?
Hibernate: select next value for user_id_seq
Hibernate: insert into users (email,first_name,last_name,password,id) values (?,?,?,?,?)
Hibernate: select count(*) from users ue1_0 where ue1_0.id=?
Hibernate: select ae1_0.acc_id,ae1_0.total_credit,ae1_0.user_id from accounts ae1_0 where ae1_0.user_id=?
Hibernate: select ue1_0.id,ue1_0.email,ue1_0.first_name,ue1_0.last_name,ue1_0.password from users ue1_0 where ue1_0.id=?
Hibernate: delete from users where id=?
Hibernate: select ue1_0.id,ue1_0.email,ue1_0.first_name,ue1_0.last_name,ue1_0.password from users ue1_0 where ue1_0.id=?
2024-08-12T11:04:24.806Z  INFO 94997 --- [           main] j.LocalContainerEntityManagerFactoryBean : Closing JPA EntityManagerFactory for persistence unit 'default'
2024-08-12T11:04:24.809Z  INFO 94997 --- [           main] com.zaxxer.hikari.HikariDataSource       : HikariPool-3 - Shutdown initiated...
2024-08-12T11:04:24.815Z  INFO 94997 --- [           main] com.zaxxer.hikari.HikariDataSource       : HikariPool-3 - Shutdown completed.
]]></system-out>
  </testcase>
  <testcase name="testThatPartialUpdateExistingAuthorReturnsHttpStatus20Ok" classname="com.omery.projectAtm.controller.UserControllerIntegrationTest" time="0.23">
    <system-out><![CDATA[
  .   ____          _            __ _ _
 /\\ / ___'_ __ _ _(_)_ __  __ _ \ \ \ \
( ( )\___ | '_ | '_| | '_ \/ _` | \ \ \ \
 \\/  ___)| |_)| | | | | || (_| |  ) ) ) )
  '  |____| .__|_| |_|_| |_\__, | / / / /
 =========|_|==============|___/=/_/_/_/
 :: Spring Boot ::                (v3.2.2)

2024-08-12T11:04:24.880Z  INFO 94997 --- [           main] c.o.p.c.UserControllerIntegrationTest    : Starting UserControllerIntegrationTest using Java 17.0.12 with PID 94997 (started by root in /root/spring-boot-atmProject/backend)
2024-08-12T11:04:24.880Z  INFO 94997 --- [           main] c.o.p.c.UserControllerIntegrationTest    : The following 1 profile is active: "test"
2024-08-12T11:04:25.253Z  INFO 94997 --- [           main] .s.d.r.c.RepositoryConfigurationDelegate : Bootstrapping Spring Data JPA repositories in DEFAULT mode.
2024-08-12T11:04:25.277Z  INFO 94997 --- [           main] .s.d.r.c.RepositoryConfigurationDelegate : Finished Spring Data repository scanning in 23 ms. Found 2 JPA repository interfaces.
2024-08-12T11:04:25.490Z  INFO 94997 --- [           main] o.hibernate.jpa.internal.util.LogHelper  : HHH000204: Processing PersistenceUnitInfo [name: default]
2024-08-12T11:04:25.495Z  INFO 94997 --- [           main] o.h.c.internal.RegionFactoryInitiator    : HHH000026: Second-level cache disabled
2024-08-12T11:04:25.503Z  INFO 94997 --- [           main] o.s.o.j.p.SpringPersistenceUnitInfo      : No LoadTimeWeaver setup: ignoring JPA class transformer
2024-08-12T11:04:25.506Z  INFO 94997 --- [           main] com.zaxxer.hikari.HikariDataSource       : HikariPool-4 - Starting...
2024-08-12T11:04:25.514Z  INFO 94997 --- [           main] com.zaxxer.hikari.pool.HikariPool        : HikariPool-4 - Added connection conn30: url=jdbc:h2:mem:public user=POSTGRES
2024-08-12T11:04:25.514Z  INFO 94997 --- [           main] com.zaxxer.hikari.HikariDataSource       : HikariPool-4 - Start completed.
2024-08-12T11:04:25.517Z  WARN 94997 --- [           main] org.hibernate.orm.deprecation            : HHH90000025: H2Dialect does not need to be specified explicitly using 'hibernate.dialect' (remove the property setting and it will be selected by default)
2024-08-12T11:04:25.669Z  INFO 94997 --- [           main] o.h.e.t.j.p.i.JtaPlatformInitiator       : HHH000489: No JTA platform available (set 'hibernate.transaction.jta.platform' to enable JTA platform integration)
Hibernate: drop table if exists accounts cascade 
Hibernate: drop table if exists users cascade 
Hibernate: drop sequence if exists acc_id_seq
Hibernate: drop sequence if exists user_id_seq
Hibernate: create sequence acc_id_seq start with 1 increment by 50
Hibernate: create sequence user_id_seq start with 1 increment by 50
Hibernate: create table accounts (acc_id bigint not null, total_credit bigint not null, user_id bigint not null, primary key (acc_id))
Hibernate: create table users (id bigint not null, email varchar(255) not null unique, first_name varchar(255) not null, last_name varchar(255) not null, password varchar(255) not null, primary key (id))
Hibernate: alter table if exists accounts add constraint FKnjuop33mo69pd79ctplkck40n foreign key (user_id) references users
2024-08-12T11:04:25.689Z  INFO 94997 --- [           main] j.LocalContainerEntityManagerFactoryBean : Initialized JPA EntityManagerFactory for persistence unit 'default'
2024-08-12T11:04:26.149Z  WARN 94997 --- [           main] JpaBaseConfiguration$JpaWebConfiguration : spring.jpa.open-in-view is enabled by default. Therefore, database queries may be performed during view rendering. Explicitly configure spring.jpa.open-in-view to disable this warning
2024-08-12T11:04:26.416Z  INFO 94997 --- [           main] o.s.b.t.m.w.SpringBootMockServletContext : Initializing Spring TestDispatcherServlet ''
2024-08-12T11:04:26.416Z  INFO 94997 --- [           main] o.s.t.web.servlet.TestDispatcherServlet  : Initializing Servlet ''
2024-08-12T11:04:26.418Z  INFO 94997 --- [           main] o.s.t.web.servlet.TestDispatcherServlet  : Completed initialization in 2 ms
2024-08-12T11:04:26.434Z  INFO 94997 --- [           main] c.o.p.c.UserControllerIntegrationTest    : Started UserControllerIntegrationTest in 1.61 seconds (process running for 24.446)
Hibernate: select ue1_0.id,ue1_0.email,ue1_0.first_name,ue1_0.last_name,ue1_0.password from users ue1_0 where ue1_0.id=?
Hibernate: select next value for user_id_seq
Hibernate: insert into users (email,first_name,last_name,password,id) values (?,?,?,?,?)
Hibernate: select count(*) from users ue1_0 where ue1_0.id=?
Hibernate: select ue1_0.id,ue1_0.email,ue1_0.first_name,ue1_0.last_name,ue1_0.password from users ue1_0 where ue1_0.id=?
Hibernate: update users set email=?,first_name=?,last_name=?,password=? where id=?
2024-08-12T11:04:26.662Z  INFO 94997 --- [           main] j.LocalContainerEntityManagerFactoryBean : Closing JPA EntityManagerFactory for persistence unit 'default'
2024-08-12T11:04:26.665Z  INFO 94997 --- [           main] com.zaxxer.hikari.HikariDataSource       : HikariPool-4 - Shutdown initiated...
2024-08-12T11:04:26.670Z  INFO 94997 --- [           main] com.zaxxer.hikari.HikariDataSource       : HikariPool-4 - Shutdown completed.
]]></system-out>
  </testcase>
  <testcase name="testThatFullUpdateUserReturnsHttpStatus4200WhenAuthorExists" classname="com.omery.projectAtm.controller.UserControllerIntegrationTest" time="0.101">
    <system-out><![CDATA[
  .   ____          _            __ _ _
 /\\ / ___'_ __ _ _(_)_ __  __ _ \ \ \ \
( ( )\___ | '_ | '_| | '_ \/ _` | \ \ \ \
 \\/  ___)| |_)| | | | | || (_| |  ) ) ) )
  '  |____| .__|_| |_|_| |_\__, | / / / /
 =========|_|==============|___/=/_/_/_/
 :: Spring Boot ::                (v3.2.2)

2024-08-12T11:04:26.746Z  INFO 94997 --- [           main] c.o.p.c.UserControllerIntegrationTest    : Starting UserControllerIntegrationTest using Java 17.0.12 with PID 94997 (started by root in /root/spring-boot-atmProject/backend)
2024-08-12T11:04:26.746Z  INFO 94997 --- [           main] c.o.p.c.UserControllerIntegrationTest    : The following 1 profile is active: "test"
2024-08-12T11:04:27.108Z  INFO 94997 --- [           main] .s.d.r.c.RepositoryConfigurationDelegate : Bootstrapping Spring Data JPA repositories in DEFAULT mode.
2024-08-12T11:04:27.135Z  INFO 94997 --- [           main] .s.d.r.c.RepositoryConfigurationDelegate : Finished Spring Data repository scanning in 26 ms. Found 2 JPA repository interfaces.
2024-08-12T11:04:27.328Z  INFO 94997 --- [           main] o.hibernate.jpa.internal.util.LogHelper  : HHH000204: Processing PersistenceUnitInfo [name: default]
2024-08-12T11:04:27.332Z  INFO 94997 --- [           main] o.h.c.internal.RegionFactoryInitiator    : HHH000026: Second-level cache disabled
2024-08-12T11:04:27.343Z  INFO 94997 --- [           main] o.s.o.j.p.SpringPersistenceUnitInfo      : No LoadTimeWeaver setup: ignoring JPA class transformer
2024-08-12T11:04:27.346Z  INFO 94997 --- [           main] com.zaxxer.hikari.HikariDataSource       : HikariPool-5 - Starting...
2024-08-12T11:04:27.355Z  INFO 94997 --- [           main] com.zaxxer.hikari.pool.HikariPool        : HikariPool-5 - Added connection conn40: url=jdbc:h2:mem:public user=POSTGRES
2024-08-12T11:04:27.355Z  INFO 94997 --- [           main] com.zaxxer.hikari.HikariDataSource       : HikariPool-5 - Start completed.
2024-08-12T11:04:27.355Z  WARN 94997 --- [           main] org.hibernate.orm.deprecation            : HHH90000025: H2Dialect does not need to be specified explicitly using 'hibernate.dialect' (remove the property setting and it will be selected by default)
2024-08-12T11:04:27.503Z  INFO 94997 --- [           main] o.h.e.t.j.p.i.JtaPlatformInitiator       : HHH000489: No JTA platform available (set 'hibernate.transaction.jta.platform' to enable JTA platform integration)
Hibernate: drop table if exists accounts cascade 
Hibernate: drop table if exists users cascade 
Hibernate: drop sequence if exists acc_id_seq
Hibernate: drop sequence if exists user_id_seq
Hibernate: create sequence acc_id_seq start with 1 increment by 50
Hibernate: create sequence user_id_seq start with 1 increment by 50
Hibernate: create table accounts (acc_id bigint not null, total_credit bigint not null, user_id bigint not null, primary key (acc_id))
Hibernate: create table users (id bigint not null, email varchar(255) not null unique, first_name varchar(255) not null, last_name varchar(255) not null, password varchar(255) not null, primary key (id))
Hibernate: alter table if exists accounts add constraint FKnjuop33mo69pd79ctplkck40n foreign key (user_id) references users
2024-08-12T11:04:27.534Z  INFO 94997 --- [           main] j.LocalContainerEntityManagerFactoryBean : Initialized JPA EntityManagerFactory for persistence unit 'default'
2024-08-12T11:04:27.794Z  WARN 94997 --- [           main] JpaBaseConfiguration$JpaWebConfiguration : spring.jpa.open-in-view is enabled by default. Therefore, database queries may be performed during view rendering. Explicitly configure spring.jpa.open-in-view to disable this warning
2024-08-12T11:04:28.059Z  INFO 94997 --- [           main] o.s.b.t.m.w.SpringBootMockServletContext : Initializing Spring TestDispatcherServlet ''
2024-08-12T11:04:28.059Z  INFO 94997 --- [           main] o.s.t.web.servlet.TestDispatcherServlet  : Initializing Servlet ''
2024-08-12T11:04:28.063Z  INFO 94997 --- [           main] o.s.t.web.servlet.TestDispatcherServlet  : Completed initialization in 4 ms
2024-08-12T11:04:28.084Z  INFO 94997 --- [           main] c.o.p.c.UserControllerIntegrationTest    : Started UserControllerIntegrationTest in 1.398 seconds (process running for 26.096)
Hibernate: select ue1_0.id,ue1_0.email,ue1_0.first_name,ue1_0.last_name,ue1_0.password from users ue1_0 where ue1_0.id=?
Hibernate: select next value for user_id_seq
Hibernate: insert into users (email,first_name,last_name,password,id) values (?,?,?,?,?)
Hibernate: select count(*) from users ue1_0 where ue1_0.id=?
Hibernate: select ue1_0.id,ue1_0.email,ue1_0.first_name,ue1_0.last_name,ue1_0.password from users ue1_0 where ue1_0.id=?
2024-08-12T11:04:28.194Z  INFO 94997 --- [           main] j.LocalContainerEntityManagerFactoryBean : Closing JPA EntityManagerFactory for persistence unit 'default'
2024-08-12T11:04:28.194Z  INFO 94997 --- [           main] com.zaxxer.hikari.HikariDataSource       : HikariPool-5 - Shutdown initiated...
2024-08-12T11:04:28.200Z  INFO 94997 --- [           main] com.zaxxer.hikari.HikariDataSource       : HikariPool-5 - Shutdown completed.
]]></system-out>
  </testcase>
  <testcase name="testThatGetUserReturnsWhenUserExist" classname="com.omery.projectAtm.controller.UserControllerIntegrationTest" time="0.091">
    <system-out><![CDATA[
  .   ____          _            __ _ _
 /\\ / ___'_ __ _ _(_)_ __  __ _ \ \ \ \
( ( )\___ | '_ | '_| | '_ \/ _` | \ \ \ \
 \\/  ___)| |_)| | | | | || (_| |  ) ) ) )
  '  |____| .__|_| |_|_| |_\__, | / / / /
 =========|_|==============|___/=/_/_/_/
 :: Spring Boot ::                (v3.2.2)

2024-08-12T11:04:28.259Z  INFO 94997 --- [           main] c.o.p.c.UserControllerIntegrationTest    : Starting UserControllerIntegrationTest using Java 17.0.12 with PID 94997 (started by root in /root/spring-boot-atmProject/backend)
2024-08-12T11:04:28.260Z  INFO 94997 --- [           main] c.o.p.c.UserControllerIntegrationTest    : The following 1 profile is active: "test"
2024-08-12T11:04:28.657Z  INFO 94997 --- [           main] .s.d.r.c.RepositoryConfigurationDelegate : Bootstrapping Spring Data JPA repositories in DEFAULT mode.
2024-08-12T11:04:28.677Z  INFO 94997 --- [           main] .s.d.r.c.RepositoryConfigurationDelegate : Finished Spring Data repository scanning in 20 ms. Found 2 JPA repository interfaces.
2024-08-12T11:04:28.844Z  INFO 94997 --- [           main] o.hibernate.jpa.internal.util.LogHelper  : HHH000204: Processing PersistenceUnitInfo [name: default]
2024-08-12T11:04:28.851Z  INFO 94997 --- [           main] o.h.c.internal.RegionFactoryInitiator    : HHH000026: Second-level cache disabled
2024-08-12T11:04:28.860Z  INFO 94997 --- [           main] o.s.o.j.p.SpringPersistenceUnitInfo      : No LoadTimeWeaver setup: ignoring JPA class transformer
2024-08-12T11:04:28.862Z  INFO 94997 --- [           main] com.zaxxer.hikari.HikariDataSource       : HikariPool-6 - Starting...
2024-08-12T11:04:28.872Z  INFO 94997 --- [           main] com.zaxxer.hikari.pool.HikariPool        : HikariPool-6 - Added connection conn50: url=jdbc:h2:mem:public user=POSTGRES
2024-08-12T11:04:28.873Z  INFO 94997 --- [           main] com.zaxxer.hikari.HikariDataSource       : HikariPool-6 - Start completed.
2024-08-12T11:04:28.873Z  WARN 94997 --- [           main] org.hibernate.orm.deprecation            : HHH90000025: H2Dialect does not need to be specified explicitly using 'hibernate.dialect' (remove the property setting and it will be selected by default)
2024-08-12T11:04:29.019Z  INFO 94997 --- [           main] o.h.e.t.j.p.i.JtaPlatformInitiator       : HHH000489: No JTA platform available (set 'hibernate.transaction.jta.platform' to enable JTA platform integration)
Hibernate: drop table if exists accounts cascade 
Hibernate: drop table if exists users cascade 
Hibernate: drop sequence if exists acc_id_seq
Hibernate: drop sequence if exists user_id_seq
Hibernate: create sequence acc_id_seq start with 1 increment by 50
Hibernate: create sequence user_id_seq start with 1 increment by 50
Hibernate: create table accounts (acc_id bigint not null, total_credit bigint not null, user_id bigint not null, primary key (acc_id))
Hibernate: create table users (id bigint not null, email varchar(255) not null unique, first_name varchar(255) not null, last_name varchar(255) not null, password varchar(255) not null, primary key (id))
Hibernate: alter table if exists accounts add constraint FKnjuop33mo69pd79ctplkck40n foreign key (user_id) references users
2024-08-12T11:04:29.051Z  INFO 94997 --- [           main] j.LocalContainerEntityManagerFactoryBean : Initialized JPA EntityManagerFactory for persistence unit 'default'
2024-08-12T11:04:29.274Z  WARN 94997 --- [           main] JpaBaseConfiguration$JpaWebConfiguration : spring.jpa.open-in-view is enabled by default. Therefore, database queries may be performed during view rendering. Explicitly configure spring.jpa.open-in-view to disable this warning
2024-08-12T11:04:29.514Z  INFO 94997 --- [           main] o.s.b.t.m.w.SpringBootMockServletContext : Initializing Spring TestDispatcherServlet ''
2024-08-12T11:04:29.514Z  INFO 94997 --- [           main] o.s.t.web.servlet.TestDispatcherServlet  : Initializing Servlet ''
2024-08-12T11:04:29.514Z  INFO 94997 --- [           main] o.s.t.web.servlet.TestDispatcherServlet  : Completed initialization in 0 ms
2024-08-12T11:04:29.528Z  INFO 94997 --- [           main] c.o.p.c.UserControllerIntegrationTest    : Started UserControllerIntegrationTest in 1.322 seconds (process running for 27.541)
Hibernate: select ue1_0.id,ue1_0.email,ue1_0.first_name,ue1_0.last_name,ue1_0.password from users ue1_0 where ue1_0.id=?
Hibernate: select next value for user_id_seq
Hibernate: insert into users (email,first_name,last_name,password,id) values (?,?,?,?,?)
Hibernate: select ue1_0.id,ue1_0.email,ue1_0.first_name,ue1_0.last_name,ue1_0.password from users ue1_0 where ue1_0.id=?
2024-08-12T11:04:29.624Z  INFO 94997 --- [           main] j.LocalContainerEntityManagerFactoryBean : Closing JPA EntityManagerFactory for persistence unit 'default'
2024-08-12T11:04:29.624Z  INFO 94997 --- [           main] com.zaxxer.hikari.HikariDataSource       : HikariPool-6 - Shutdown initiated...
2024-08-12T11:04:29.631Z  INFO 94997 --- [           main] com.zaxxer.hikari.HikariDataSource       : HikariPool-6 - Shutdown completed.
]]></system-out>
  </testcase>
  <testcase name="testThatCreateUserSuccessfullyReturnsHttp201Created" classname="com.omery.projectAtm.controller.UserControllerIntegrationTest" time="0.077">
    <system-out><![CDATA[
  .   ____          _            __ _ _
 /\\ / ___'_ __ _ _(_)_ __  __ _ \ \ \ \
( ( )\___ | '_ | '_| | '_ \/ _` | \ \ \ \
 \\/  ___)| |_)| | | | | || (_| |  ) ) ) )
  '  |____| .__|_| |_|_| |_\__, | / / / /
 =========|_|==============|___/=/_/_/_/
 :: Spring Boot ::                (v3.2.2)

2024-08-12T11:04:29.697Z  INFO 94997 --- [           main] c.o.p.c.UserControllerIntegrationTest    : Starting UserControllerIntegrationTest using Java 17.0.12 with PID 94997 (started by root in /root/spring-boot-atmProject/backend)
2024-08-12T11:04:29.698Z  INFO 94997 --- [           main] c.o.p.c.UserControllerIntegrationTest    : The following 1 profile is active: "test"
2024-08-12T11:04:30.028Z  INFO 94997 --- [           main] .s.d.r.c.RepositoryConfigurationDelegate : Bootstrapping Spring Data JPA repositories in DEFAULT mode.
2024-08-12T11:04:30.062Z  INFO 94997 --- [           main] .s.d.r.c.RepositoryConfigurationDelegate : Finished Spring Data repository scanning in 32 ms. Found 2 JPA repository interfaces.
2024-08-12T11:04:30.215Z  INFO 94997 --- [           main] o.hibernate.jpa.internal.util.LogHelper  : HHH000204: Processing PersistenceUnitInfo [name: default]
2024-08-12T11:04:30.220Z  INFO 94997 --- [           main] o.h.c.internal.RegionFactoryInitiator    : HHH000026: Second-level cache disabled
2024-08-12T11:04:30.228Z  INFO 94997 --- [           main] o.s.o.j.p.SpringPersistenceUnitInfo      : No LoadTimeWeaver setup: ignoring JPA class transformer
2024-08-12T11:04:30.228Z  INFO 94997 --- [           main] com.zaxxer.hikari.HikariDataSource       : HikariPool-7 - Starting...
2024-08-12T11:04:30.235Z  INFO 94997 --- [           main] com.zaxxer.hikari.pool.HikariPool        : HikariPool-7 - Added connection conn60: url=jdbc:h2:mem:public user=POSTGRES
2024-08-12T11:04:30.235Z  INFO 94997 --- [           main] com.zaxxer.hikari.HikariDataSource       : HikariPool-7 - Start completed.
2024-08-12T11:04:30.235Z  WARN 94997 --- [           main] org.hibernate.orm.deprecation            : HHH90000025: H2Dialect does not need to be specified explicitly using 'hibernate.dialect' (remove the property setting and it will be selected by default)
2024-08-12T11:04:30.374Z  INFO 94997 --- [           main] o.h.e.t.j.p.i.JtaPlatformInitiator       : HHH000489: No JTA platform available (set 'hibernate.transaction.jta.platform' to enable JTA platform integration)
Hibernate: drop table if exists accounts cascade 
Hibernate: drop table if exists users cascade 
Hibernate: drop sequence if exists acc_id_seq
Hibernate: drop sequence if exists user_id_seq
Hibernate: create sequence acc_id_seq start with 1 increment by 50
Hibernate: create sequence user_id_seq start with 1 increment by 50
Hibernate: create table accounts (acc_id bigint not null, total_credit bigint not null, user_id bigint not null, primary key (acc_id))
Hibernate: create table users (id bigint not null, email varchar(255) not null unique, first_name varchar(255) not null, last_name varchar(255) not null, password varchar(255) not null, primary key (id))
Hibernate: alter table if exists accounts add constraint FKnjuop33mo69pd79ctplkck40n foreign key (user_id) references users
2024-08-12T11:04:30.391Z  INFO 94997 --- [           main] j.LocalContainerEntityManagerFactoryBean : Initialized JPA EntityManagerFactory for persistence unit 'default'
2024-08-12T11:04:30.605Z  WARN 94997 --- [           main] JpaBaseConfiguration$JpaWebConfiguration : spring.jpa.open-in-view is enabled by default. Therefore, database queries may be performed during view rendering. Explicitly configure spring.jpa.open-in-view to disable this warning
2024-08-12T11:04:30.856Z  INFO 94997 --- [           main] o.s.b.t.m.w.SpringBootMockServletContext : Initializing Spring TestDispatcherServlet ''
2024-08-12T11:04:30.856Z  INFO 94997 --- [           main] o.s.t.web.servlet.TestDispatcherServlet  : Initializing Servlet ''
2024-08-12T11:04:30.858Z  INFO 94997 --- [           main] o.s.t.web.servlet.TestDispatcherServlet  : Completed initialization in 2 ms
2024-08-12T11:04:30.874Z  INFO 94997 --- [           main] c.o.p.c.UserControllerIntegrationTest    : Started UserControllerIntegrationTest in 1.234 seconds (process running for 28.887)
Hibernate: select ue1_0.id,ue1_0.email,ue1_0.first_name,ue1_0.last_name,ue1_0.password from users ue1_0 where ue1_0.id=?
Hibernate: select next value for user_id_seq
Hibernate: insert into users (email,first_name,last_name,password,id) values (?,?,?,?,?)
2024-08-12T11:04:30.962Z  INFO 94997 --- [           main] j.LocalContainerEntityManagerFactoryBean : Closing JPA EntityManagerFactory for persistence unit 'default'
2024-08-12T11:04:30.965Z  INFO 94997 --- [           main] com.zaxxer.hikari.HikariDataSource       : HikariPool-7 - Shutdown initiated...
2024-08-12T11:04:30.968Z  INFO 94997 --- [           main] com.zaxxer.hikari.HikariDataSource       : HikariPool-7 - Shutdown completed.
]]></system-out>
  </testcase>
</testsuite>