<?xml version="1.0" encoding="UTF-8"?>
<testsuite xmlns:xsi="http://www.w3.org/2001/XMLSchema-instance" xsi:noNamespaceSchemaLocation="https://maven.apache.org/surefire/maven-surefire-plugin/xsd/surefire-test-report-3.0.xsd" version="3.0" name="com.omery.projectAtm.controller.UserControllerIntegrationTest" time="2.752" tests="7" errors="0" skipped="0" failures="0">
  <properties>
    <property name="java.specification.version" value="21"/>
    <property name="sun.jnu.encoding" value="UTF-8"/>
    <property name="java.class.path" value="/Users/omeryildiz/Documents/GitHub/spring-boot-atmProject/backend/target/test-classes:/Users/omeryildiz/Documents/GitHub/spring-boot-atmProject/backend/target/classes:/Users/omeryildiz/.m2/repository/org/springframework/boot/spring-boot-starter-data-jpa/3.2.2/spring-boot-starter-data-jpa-3.2.2.jar:/Users/omeryildiz/.m2/repository/org/springframework/boot/spring-boot-starter-aop/3.2.2/spring-boot-starter-aop-3.2.2.jar:/Users/omeryildiz/.m2/repository/org/springframework/spring-aop/6.1.3/spring-aop-6.1.3.jar:/Users/omeryildiz/.m2/repository/org/aspectj/aspectjweaver/1.9.21/aspectjweaver-1.9.21.jar:/Users/omeryildiz/.m2/repository/org/hibernate/orm/hibernate-core/6.4.1.Final/hibernate-core-6.4.1.Final.jar:/Users/omeryildiz/.m2/repository/jakarta/persistence/jakarta.persistence-api/3.1.0/jakarta.persistence-api-3.1.0.jar:/Users/omeryildiz/.m2/repository/jakarta/transaction/jakarta.transaction-api/2.0.1/jakarta.transaction-api-2.0.1.jar:/Users/omeryildiz/.m2/repository/org/jboss/logging/jboss-logging/3.5.3.Final/jboss-logging-3.5.3.Final.jar:/Users/omeryildiz/.m2/repository/org/hibernate/common/hibernate-commons-annotations/6.0.6.Final/hibernate-commons-annotations-6.0.6.Final.jar:/Users/omeryildiz/.m2/repository/io/smallrye/jandex/3.1.2/jandex-3.1.2.jar:/Users/omeryildiz/.m2/repository/com/fasterxml/classmate/1.6.0/classmate-1.6.0.jar:/Users/omeryildiz/.m2/repository/net/bytebuddy/byte-buddy/1.14.11/byte-buddy-1.14.11.jar:/Users/omeryildiz/.m2/repository/org/glassfish/jaxb/jaxb-runtime/4.0.4/jaxb-runtime-4.0.4.jar:/Users/omeryildiz/.m2/repository/org/glassfish/jaxb/jaxb-core/4.0.4/jaxb-core-4.0.4.jar:/Users/omeryildiz/.m2/repository/org/eclipse/angus/angus-activation/2.0.1/angus-activation-2.0.1.jar:/Users/omeryildiz/.m2/repository/org/glassfish/jaxb/txw2/4.0.4/txw2-4.0.4.jar:/Users/omeryildiz/.m2/repository/com/sun/istack/istack-commons-runtime/4.1.2/istack-commons-runtime-4.1.2.jar:/Users/omeryildiz/.m2/repository/jakarta/inject/jakarta.inject-api/2.0.1/jakarta.inject-api-2.0.1.jar:/Users/omeryildiz/.m2/repository/org/antlr/antlr4-runtime/4.13.0/antlr4-runtime-4.13.0.jar:/Users/omeryildiz/.m2/repository/org/springframework/data/spring-data-jpa/3.2.2/spring-data-jpa-3.2.2.jar:/Users/omeryildiz/.m2/repository/org/springframework/data/spring-data-commons/3.2.2/spring-data-commons-3.2.2.jar:/Users/omeryildiz/.m2/repository/org/springframework/spring-orm/6.1.3/spring-orm-6.1.3.jar:/Users/omeryildiz/.m2/repository/org/springframework/spring-context/6.1.3/spring-context-6.1.3.jar:/Users/omeryildiz/.m2/repository/org/springframework/spring-tx/6.1.3/spring-tx-6.1.3.jar:/Users/omeryildiz/.m2/repository/org/springframework/spring-beans/6.1.3/spring-beans-6.1.3.jar:/Users/omeryildiz/.m2/repository/jakarta/annotation/jakarta.annotation-api/2.1.1/jakarta.annotation-api-2.1.1.jar:/Users/omeryildiz/.m2/repository/org/slf4j/slf4j-api/2.0.11/slf4j-api-2.0.11.jar:/Users/omeryildiz/.m2/repository/org/springframework/spring-aspects/6.1.3/spring-aspects-6.1.3.jar:/Users/omeryildiz/.m2/repository/org/springframework/boot/spring-boot-starter-jdbc/3.2.2/spring-boot-starter-jdbc-3.2.2.jar:/Users/omeryildiz/.m2/repository/org/springframework/boot/spring-boot-starter/3.2.2/spring-boot-starter-3.2.2.jar:/Users/omeryildiz/.m2/repository/org/springframework/boot/spring-boot/3.2.2/spring-boot-3.2.2.jar:/Users/omeryildiz/.m2/repository/org/springframework/boot/spring-boot-autoconfigure/3.2.2/spring-boot-autoconfigure-3.2.2.jar:/Users/omeryildiz/.m2/repository/org/springframework/boot/spring-boot-starter-logging/3.2.2/spring-boot-starter-logging-3.2.2.jar:/Users/omeryildiz/.m2/repository/ch/qos/logback/logback-classic/1.4.14/logback-classic-1.4.14.jar:/Users/omeryildiz/.m2/repository/ch/qos/logback/logback-core/1.4.14/logback-core-1.4.14.jar:/Users/omeryildiz/.m2/repository/org/apache/logging/log4j/log4j-to-slf4j/2.21.1/log4j-to-slf4j-2.21.1.jar:/Users/omeryildiz/.m2/repository/org/apache/logging/log4j/log4j-api/2.21.1/log4j-api-2.21.1.jar:/Users/omeryildiz/.m2/repository/org/slf4j/jul-to-slf4j/2.0.11/jul-to-slf4j-2.0.11.jar:/Users/omeryildiz/.m2/repository/org/yaml/snakeyaml/2.2/snakeyaml-2.2.jar:/Users/omeryildiz/.m2/repository/com/zaxxer/HikariCP/5.0.1/HikariCP-5.0.1.jar:/Users/omeryildiz/.m2/repository/org/springframework/spring-jdbc/6.1.3/spring-jdbc-6.1.3.jar:/Users/omeryildiz/.m2/repository/org/springframework/boot/spring-boot-starter-web/3.2.2/spring-boot-starter-web-3.2.2.jar:/Users/omeryildiz/.m2/repository/org/springframework/boot/spring-boot-starter-json/3.2.2/spring-boot-starter-json-3.2.2.jar:/Users/omeryildiz/.m2/repository/com/fasterxml/jackson/core/jackson-databind/2.15.3/jackson-databind-2.15.3.jar:/Users/omeryildiz/.m2/repository/com/fasterxml/jackson/core/jackson-annotations/2.15.3/jackson-annotations-2.15.3.jar:/Users/omeryildiz/.m2/repository/com/fasterxml/jackson/core/jackson-core/2.15.3/jackson-core-2.15.3.jar:/Users/omeryildiz/.m2/repository/com/fasterxml/jackson/datatype/jackson-datatype-jdk8/2.15.3/jackson-datatype-jdk8-2.15.3.jar:/Users/omeryildiz/.m2/repository/com/fasterxml/jackson/datatype/jackson-datatype-jsr310/2.15.3/jackson-datatype-jsr310-2.15.3.jar:/Users/omeryildiz/.m2/repository/com/fasterxml/jackson/module/jackson-module-parameter-names/2.15.3/jackson-module-parameter-names-2.15.3.jar:/Users/omeryildiz/.m2/repository/org/springframework/boot/spring-boot-starter-tomcat/3.2.2/spring-boot-starter-tomcat-3.2.2.jar:/Users/omeryildiz/.m2/repository/org/apache/tomcat/embed/tomcat-embed-core/10.1.18/tomcat-embed-core-10.1.18.jar:/Users/omeryildiz/.m2/repository/org/apache/tomcat/embed/tomcat-embed-el/10.1.18/tomcat-embed-el-10.1.18.jar:/Users/omeryildiz/.m2/repository/org/apache/tomcat/embed/tomcat-embed-websocket/10.1.18/tomcat-embed-websocket-10.1.18.jar:/Users/omeryildiz/.m2/repository/org/springframework/spring-web/6.1.3/spring-web-6.1.3.jar:/Users/omeryildiz/.m2/repository/io/micrometer/micrometer-observation/1.12.2/micrometer-observation-1.12.2.jar:/Users/omeryildiz/.m2/repository/io/micrometer/micrometer-commons/1.12.2/micrometer-commons-1.12.2.jar:/Users/omeryildiz/.m2/repository/org/springframework/spring-webmvc/6.1.3/spring-webmvc-6.1.3.jar:/Users/omeryildiz/.m2/repository/org/springframework/spring-expression/6.1.3/spring-expression-6.1.3.jar:/Users/omeryildiz/.m2/repository/org/springframework/boot/spring-boot-starter-test/3.2.2/spring-boot-starter-test-3.2.2.jar:/Users/omeryildiz/.m2/repository/org/springframework/boot/spring-boot-test/3.2.2/spring-boot-test-3.2.2.jar:/Users/omeryildiz/.m2/repository/org/springframework/boot/spring-boot-test-autoconfigure/3.2.2/spring-boot-test-autoconfigure-3.2.2.jar:/Users/omeryildiz/.m2/repository/com/jayway/jsonpath/json-path/2.8.0/json-path-2.8.0.jar:/Users/omeryildiz/.m2/repository/jakarta/xml/bind/jakarta.xml.bind-api/4.0.1/jakarta.xml.bind-api-4.0.1.jar:/Users/omeryildiz/.m2/repository/jakarta/activation/jakarta.activation-api/2.1.2/jakarta.activation-api-2.1.2.jar:/Users/omeryildiz/.m2/repository/net/minidev/json-smart/2.5.0/json-smart-2.5.0.jar:/Users/omeryildiz/.m2/repository/net/minidev/accessors-smart/2.5.0/accessors-smart-2.5.0.jar:/Users/omeryildiz/.m2/repository/org/ow2/asm/asm/9.3/asm-9.3.jar:/Users/omeryildiz/.m2/repository/org/assertj/assertj-core/3.24.2/assertj-core-3.24.2.jar:/Users/omeryildiz/.m2/repository/org/awaitility/awaitility/4.2.0/awaitility-4.2.0.jar:/Users/omeryildiz/.m2/repository/org/hamcrest/hamcrest/2.2/hamcrest-2.2.jar:/Users/omeryildiz/.m2/repository/org/junit/jupiter/junit-jupiter/5.10.1/junit-jupiter-5.10.1.jar:/Users/omeryildiz/.m2/repository/org/junit/jupiter/junit-jupiter-api/5.10.1/junit-jupiter-api-5.10.1.jar:/Users/omeryildiz/.m2/repository/org/opentest4j/opentest4j/1.3.0/opentest4j-1.3.0.jar:/Users/omeryildiz/.m2/repository/org/junit/platform/junit-platform-commons/1.10.1/junit-platform-commons-1.10.1.jar:/Users/omeryildiz/.m2/repository/org/apiguardian/apiguardian-api/1.1.2/apiguardian-api-1.1.2.jar:/Users/omeryildiz/.m2/repository/org/junit/jupiter/junit-jupiter-params/5.10.1/junit-jupiter-params-5.10.1.jar:/Users/omeryildiz/.m2/repository/org/junit/jupiter/junit-jupiter-engine/5.10.1/junit-jupiter-engine-5.10.1.jar:/Users/omeryildiz/.m2/repository/org/junit/platform/junit-platform-engine/1.10.1/junit-platform-engine-1.10.1.jar:/Users/omeryildiz/.m2/repository/org/mockito/mockito-core/5.7.0/mockito-core-5.7.0.jar:/Users/omeryildiz/.m2/repository/net/bytebuddy/byte-buddy-agent/1.14.11/byte-buddy-agent-1.14.11.jar:/Users/omeryildiz/.m2/repository/org/objenesis/objenesis/3.3/objenesis-3.3.jar:/Users/omeryildiz/.m2/repository/org/mockito/mockito-junit-jupiter/5.7.0/mockito-junit-jupiter-5.7.0.jar:/Users/omeryildiz/.m2/repository/org/skyscreamer/jsonassert/1.5.1/jsonassert-1.5.1.jar:/Users/omeryildiz/.m2/repository/com/vaadin/external/google/android-json/0.0.20131108.vaadin1/android-json-0.0.20131108.vaadin1.jar:/Users/omeryildiz/.m2/repository/org/springframework/spring-core/6.1.3/spring-core-6.1.3.jar:/Users/omeryildiz/.m2/repository/org/springframework/spring-jcl/6.1.3/spring-jcl-6.1.3.jar:/Users/omeryildiz/.m2/repository/org/springframework/spring-test/6.1.3/spring-test-6.1.3.jar:/Users/omeryildiz/.m2/repository/org/xmlunit/xmlunit-core/2.9.1/xmlunit-core-2.9.1.jar:/Users/omeryildiz/.m2/repository/org/postgresql/postgresql/42.6.0/postgresql-42.6.0.jar:/Users/omeryildiz/.m2/repository/org/checkerframework/checker-qual/3.31.0/checker-qual-3.31.0.jar:/Users/omeryildiz/.m2/repository/com/h2database/h2/2.2.224/h2-2.2.224.jar:/Users/omeryildiz/.m2/repository/org/projectlombok/lombok/1.18.30/lombok-1.18.30.jar:/Users/omeryildiz/.m2/repository/org/modelmapper/modelmapper/3.0.0/modelmapper-3.0.0.jar:"/>
    <property name="java.vm.vendor" value="Oracle Corporation"/>
    <property name="sun.arch.data.model" value="64"/>
    <property name="java.vendor.url" value="https://java.oracle.com/"/>
    <property name="user.timezone" value="Europe/Istanbul"/>
    <property name="org.jboss.logging.provider" value="slf4j"/>
    <property name="os.name" value="Mac OS X"/>
    <property name="java.vm.specification.version" value="21"/>
    <property name="sun.java.launcher" value="SUN_STANDARD"/>
    <property name="user.country" value="TR"/>
    <property name="sun.boot.library.path" value="/Library/Java/JavaVirtualMachines/jdk-21.jdk/Contents/Home/lib"/>
    <property name="sun.java.command" value="/Users/omeryildiz/Documents/GitHub/spring-boot-atmProject/backend/target/surefire/surefirebooter-20240815172045636_3.jar /Users/omeryildiz/Documents/GitHub/spring-boot-atmProject/backend/target/surefire 2024-08-15T17-20-45_581-jvmRun1 surefire-20240815172045636_1tmp surefire_0-20240815172045636_2tmp"/>
    <property name="http.nonProxyHosts" value="local|*.local|169.254/16|*.169.254/16"/>
    <property name="jdk.debug" value="release"/>
    <property name="surefire.test.class.path" value="/Users/omeryildiz/Documents/GitHub/spring-boot-atmProject/backend/target/test-classes:/Users/omeryildiz/Documents/GitHub/spring-boot-atmProject/backend/target/classes:/Users/omeryildiz/.m2/repository/org/springframework/boot/spring-boot-starter-data-jpa/3.2.2/spring-boot-starter-data-jpa-3.2.2.jar:/Users/omeryildiz/.m2/repository/org/springframework/boot/spring-boot-starter-aop/3.2.2/spring-boot-starter-aop-3.2.2.jar:/Users/omeryildiz/.m2/repository/org/springframework/spring-aop/6.1.3/spring-aop-6.1.3.jar:/Users/omeryildiz/.m2/repository/org/aspectj/aspectjweaver/1.9.21/aspectjweaver-1.9.21.jar:/Users/omeryildiz/.m2/repository/org/hibernate/orm/hibernate-core/6.4.1.Final/hibernate-core-6.4.1.Final.jar:/Users/omeryildiz/.m2/repository/jakarta/persistence/jakarta.persistence-api/3.1.0/jakarta.persistence-api-3.1.0.jar:/Users/omeryildiz/.m2/repository/jakarta/transaction/jakarta.transaction-api/2.0.1/jakarta.transaction-api-2.0.1.jar:/Users/omeryildiz/.m2/repository/org/jboss/logging/jboss-logging/3.5.3.Final/jboss-logging-3.5.3.Final.jar:/Users/omeryildiz/.m2/repository/org/hibernate/common/hibernate-commons-annotations/6.0.6.Final/hibernate-commons-annotations-6.0.6.Final.jar:/Users/omeryildiz/.m2/repository/io/smallrye/jandex/3.1.2/jandex-3.1.2.jar:/Users/omeryildiz/.m2/repository/com/fasterxml/classmate/1.6.0/classmate-1.6.0.jar:/Users/omeryildiz/.m2/repository/net/bytebuddy/byte-buddy/1.14.11/byte-buddy-1.14.11.jar:/Users/omeryildiz/.m2/repository/org/glassfish/jaxb/jaxb-runtime/4.0.4/jaxb-runtime-4.0.4.jar:/Users/omeryildiz/.m2/repository/org/glassfish/jaxb/jaxb-core/4.0.4/jaxb-core-4.0.4.jar:/Users/omeryildiz/.m2/repository/org/eclipse/angus/angus-activation/2.0.1/angus-activation-2.0.1.jar:/Users/omeryildiz/.m2/repository/org/glassfish/jaxb/txw2/4.0.4/txw2-4.0.4.jar:/Users/omeryildiz/.m2/repository/com/sun/istack/istack-commons-runtime/4.1.2/istack-commons-runtime-4.1.2.jar:/Users/omeryildiz/.m2/repository/jakarta/inject/jakarta.inject-api/2.0.1/jakarta.inject-api-2.0.1.jar:/Users/omeryildiz/.m2/repository/org/antlr/antlr4-runtime/4.13.0/antlr4-runtime-4.13.0.jar:/Users/omeryildiz/.m2/repository/org/springframework/data/spring-data-jpa/3.2.2/spring-data-jpa-3.2.2.jar:/Users/omeryildiz/.m2/repository/org/springframework/data/spring-data-commons/3.2.2/spring-data-commons-3.2.2.jar:/Users/omeryildiz/.m2/repository/org/springframework/spring-orm/6.1.3/spring-orm-6.1.3.jar:/Users/omeryildiz/.m2/repository/org/springframework/spring-context/6.1.3/spring-context-6.1.3.jar:/Users/omeryildiz/.m2/repository/org/springframework/spring-tx/6.1.3/spring-tx-6.1.3.jar:/Users/omeryildiz/.m2/repository/org/springframework/spring-beans/6.1.3/spring-beans-6.1.3.jar:/Users/omeryildiz/.m2/repository/jakarta/annotation/jakarta.annotation-api/2.1.1/jakarta.annotation-api-2.1.1.jar:/Users/omeryildiz/.m2/repository/org/slf4j/slf4j-api/2.0.11/slf4j-api-2.0.11.jar:/Users/omeryildiz/.m2/repository/org/springframework/spring-aspects/6.1.3/spring-aspects-6.1.3.jar:/Users/omeryildiz/.m2/repository/org/springframework/boot/spring-boot-starter-jdbc/3.2.2/spring-boot-starter-jdbc-3.2.2.jar:/Users/omeryildiz/.m2/repository/org/springframework/boot/spring-boot-starter/3.2.2/spring-boot-starter-3.2.2.jar:/Users/omeryildiz/.m2/repository/org/springframework/boot/spring-boot/3.2.2/spring-boot-3.2.2.jar:/Users/omeryildiz/.m2/repository/org/springframework/boot/spring-boot-autoconfigure/3.2.2/spring-boot-autoconfigure-3.2.2.jar:/Users/omeryildiz/.m2/repository/org/springframework/boot/spring-boot-starter-logging/3.2.2/spring-boot-starter-logging-3.2.2.jar:/Users/omeryildiz/.m2/repository/ch/qos/logback/logback-classic/1.4.14/logback-classic-1.4.14.jar:/Users/omeryildiz/.m2/repository/ch/qos/logback/logback-core/1.4.14/logback-core-1.4.14.jar:/Users/omeryildiz/.m2/repository/org/apache/logging/log4j/log4j-to-slf4j/2.21.1/log4j-to-slf4j-2.21.1.jar:/Users/omeryildiz/.m2/repository/org/apache/logging/log4j/log4j-api/2.21.1/log4j-api-2.21.1.jar:/Users/omeryildiz/.m2/repository/org/slf4j/jul-to-slf4j/2.0.11/jul-to-slf4j-2.0.11.jar:/Users/omeryildiz/.m2/repository/org/yaml/snakeyaml/2.2/snakeyaml-2.2.jar:/Users/omeryildiz/.m2/repository/com/zaxxer/HikariCP/5.0.1/HikariCP-5.0.1.jar:/Users/omeryildiz/.m2/repository/org/springframework/spring-jdbc/6.1.3/spring-jdbc-6.1.3.jar:/Users/omeryildiz/.m2/repository/org/springframework/boot/spring-boot-starter-web/3.2.2/spring-boot-starter-web-3.2.2.jar:/Users/omeryildiz/.m2/repository/org/springframework/boot/spring-boot-starter-json/3.2.2/spring-boot-starter-json-3.2.2.jar:/Users/omeryildiz/.m2/repository/com/fasterxml/jackson/core/jackson-databind/2.15.3/jackson-databind-2.15.3.jar:/Users/omeryildiz/.m2/repository/com/fasterxml/jackson/core/jackson-annotations/2.15.3/jackson-annotations-2.15.3.jar:/Users/omeryildiz/.m2/repository/com/fasterxml/jackson/core/jackson-core/2.15.3/jackson-core-2.15.3.jar:/Users/omeryildiz/.m2/repository/com/fasterxml/jackson/datatype/jackson-datatype-jdk8/2.15.3/jackson-datatype-jdk8-2.15.3.jar:/Users/omeryildiz/.m2/repository/com/fasterxml/jackson/datatype/jackson-datatype-jsr310/2.15.3/jackson-datatype-jsr310-2.15.3.jar:/Users/omeryildiz/.m2/repository/com/fasterxml/jackson/module/jackson-module-parameter-names/2.15.3/jackson-module-parameter-names-2.15.3.jar:/Users/omeryildiz/.m2/repository/org/springframework/boot/spring-boot-starter-tomcat/3.2.2/spring-boot-starter-tomcat-3.2.2.jar:/Users/omeryildiz/.m2/repository/org/apache/tomcat/embed/tomcat-embed-core/10.1.18/tomcat-embed-core-10.1.18.jar:/Users/omeryildiz/.m2/repository/org/apache/tomcat/embed/tomcat-embed-el/10.1.18/tomcat-embed-el-10.1.18.jar:/Users/omeryildiz/.m2/repository/org/apache/tomcat/embed/tomcat-embed-websocket/10.1.18/tomcat-embed-websocket-10.1.18.jar:/Users/omeryildiz/.m2/repository/org/springframework/spring-web/6.1.3/spring-web-6.1.3.jar:/Users/omeryildiz/.m2/repository/io/micrometer/micrometer-observation/1.12.2/micrometer-observation-1.12.2.jar:/Users/omeryildiz/.m2/repository/io/micrometer/micrometer-commons/1.12.2/micrometer-commons-1.12.2.jar:/Users/omeryildiz/.m2/repository/org/springframework/spring-webmvc/6.1.3/spring-webmvc-6.1.3.jar:/Users/omeryildiz/.m2/repository/org/springframework/spring-expression/6.1.3/spring-expression-6.1.3.jar:/Users/omeryildiz/.m2/repository/org/springframework/boot/spring-boot-starter-test/3.2.2/spring-boot-starter-test-3.2.2.jar:/Users/omeryildiz/.m2/repository/org/springframework/boot/spring-boot-test/3.2.2/spring-boot-test-3.2.2.jar:/Users/omeryildiz/.m2/repository/org/springframework/boot/spring-boot-test-autoconfigure/3.2.2/spring-boot-test-autoconfigure-3.2.2.jar:/Users/omeryildiz/.m2/repository/com/jayway/jsonpath/json-path/2.8.0/json-path-2.8.0.jar:/Users/omeryildiz/.m2/repository/jakarta/xml/bind/jakarta.xml.bind-api/4.0.1/jakarta.xml.bind-api-4.0.1.jar:/Users/omeryildiz/.m2/repository/jakarta/activation/jakarta.activation-api/2.1.2/jakarta.activation-api-2.1.2.jar:/Users/omeryildiz/.m2/repository/net/minidev/json-smart/2.5.0/json-smart-2.5.0.jar:/Users/omeryildiz/.m2/repository/net/minidev/accessors-smart/2.5.0/accessors-smart-2.5.0.jar:/Users/omeryildiz/.m2/repository/org/ow2/asm/asm/9.3/asm-9.3.jar:/Users/omeryildiz/.m2/repository/org/assertj/assertj-core/3.24.2/assertj-core-3.24.2.jar:/Users/omeryildiz/.m2/repository/org/awaitility/awaitility/4.2.0/awaitility-4.2.0.jar:/Users/omeryildiz/.m2/repository/org/hamcrest/hamcrest/2.2/hamcrest-2.2.jar:/Users/omeryildiz/.m2/repository/org/junit/jupiter/junit-jupiter/5.10.1/junit-jupiter-5.10.1.jar:/Users/omeryildiz/.m2/repository/org/junit/jupiter/junit-jupiter-api/5.10.1/junit-jupiter-api-5.10.1.jar:/Users/omeryildiz/.m2/repository/org/opentest4j/opentest4j/1.3.0/opentest4j-1.3.0.jar:/Users/omeryildiz/.m2/repository/org/junit/platform/junit-platform-commons/1.10.1/junit-platform-commons-1.10.1.jar:/Users/omeryildiz/.m2/repository/org/apiguardian/apiguardian-api/1.1.2/apiguardian-api-1.1.2.jar:/Users/omeryildiz/.m2/repository/org/junit/jupiter/junit-jupiter-params/5.10.1/junit-jupiter-params-5.10.1.jar:/Users/omeryildiz/.m2/repository/org/junit/jupiter/junit-jupiter-engine/5.10.1/junit-jupiter-engine-5.10.1.jar:/Users/omeryildiz/.m2/repository/org/junit/platform/junit-platform-engine/1.10.1/junit-platform-engine-1.10.1.jar:/Users/omeryildiz/.m2/repository/org/mockito/mockito-core/5.7.0/mockito-core-5.7.0.jar:/Users/omeryildiz/.m2/repository/net/bytebuddy/byte-buddy-agent/1.14.11/byte-buddy-agent-1.14.11.jar:/Users/omeryildiz/.m2/repository/org/objenesis/objenesis/3.3/objenesis-3.3.jar:/Users/omeryildiz/.m2/repository/org/mockito/mockito-junit-jupiter/5.7.0/mockito-junit-jupiter-5.7.0.jar:/Users/omeryildiz/.m2/repository/org/skyscreamer/jsonassert/1.5.1/jsonassert-1.5.1.jar:/Users/omeryildiz/.m2/repository/com/vaadin/external/google/android-json/0.0.20131108.vaadin1/android-json-0.0.20131108.vaadin1.jar:/Users/omeryildiz/.m2/repository/org/springframework/spring-core/6.1.3/spring-core-6.1.3.jar:/Users/omeryildiz/.m2/repository/org/springframework/spring-jcl/6.1.3/spring-jcl-6.1.3.jar:/Users/omeryildiz/.m2/repository/org/springframework/spring-test/6.1.3/spring-test-6.1.3.jar:/Users/omeryildiz/.m2/repository/org/xmlunit/xmlunit-core/2.9.1/xmlunit-core-2.9.1.jar:/Users/omeryildiz/.m2/repository/org/postgresql/postgresql/42.6.0/postgresql-42.6.0.jar:/Users/omeryildiz/.m2/repository/org/checkerframework/checker-qual/3.31.0/checker-qual-3.31.0.jar:/Users/omeryildiz/.m2/repository/com/h2database/h2/2.2.224/h2-2.2.224.jar:/Users/omeryildiz/.m2/repository/org/projectlombok/lombok/1.18.30/lombok-1.18.30.jar:/Users/omeryildiz/.m2/repository/org/modelmapper/modelmapper/3.0.0/modelmapper-3.0.0.jar:"/>
    <property name="sun.cpu.endian" value="little"/>
    <property name="user.home" value="/Users/omeryildiz"/>
    <property name="user.language" value="en"/>
    <property name="java.specification.vendor" value="Oracle Corporation"/>
    <property name="java.version.date" value="2023-09-19"/>
    <property name="java.home" value="/Library/Java/JavaVirtualMachines/jdk-21.jdk/Contents/Home"/>
    <property name="file.separator" value="/"/>
    <property name="basedir" value="/Users/omeryildiz/Documents/GitHub/spring-boot-atmProject/backend"/>
    <property name="java.vm.compressedOopsMode" value="Zero based"/>
    <property name="line.separator" value="&#10;"/>
    <property name="java.vm.specification.vendor" value="Oracle Corporation"/>
    <property name="java.specification.name" value="Java Platform API Specification"/>
    <property name="FILE_LOG_CHARSET" value="UTF-8"/>
    <property name="java.awt.headless" value="true"/>
    <property name="apple.awt.application.name" value="ForkedBooter"/>
    <property name="surefire.real.class.path" value="/Users/omeryildiz/Documents/GitHub/spring-boot-atmProject/backend/target/surefire/surefirebooter-20240815172045636_3.jar"/>
    <property name="sun.management.compiler" value="HotSpot 64-Bit Tiered Compilers"/>
    <property name="ftp.nonProxyHosts" value="local|*.local|169.254/16|*.169.254/16"/>
    <property name="java.runtime.version" value="21+35-LTS-2513"/>
    <property name="user.name" value="omeryildiz"/>
    <property name="stdout.encoding" value="UTF-8"/>
    <property name="path.separator" value=":"/>
    <property name="os.version" value="12.5"/>
    <property name="java.runtime.name" value="Java(TM) SE Runtime Environment"/>
    <property name="file.encoding" value="UTF-8"/>
    <property name="java.vm.name" value="Java HotSpot(TM) 64-Bit Server VM"/>
    <property name="localRepository" value="/Users/omeryildiz/.m2/repository"/>
    <property name="java.vendor.url.bug" value="https://bugreport.java.com/bugreport/"/>
    <property name="java.io.tmpdir" value="/var/folders/lz/72v2qwyx34g0fk80lsqg3qt80000gn/T/"/>
    <property name="com.zaxxer.hikari.pool_number" value="8"/>
    <property name="java.version" value="21"/>
    <property name="user.dir" value="/Users/omeryildiz/Documents/GitHub/spring-boot-atmProject/backend"/>
    <property name="os.arch" value="aarch64"/>
    <property name="java.vm.specification.name" value="Java Virtual Machine Specification"/>
    <property name="PID" value="25244"/>
    <property name="CONSOLE_LOG_CHARSET" value="UTF-8"/>
    <property name="native.encoding" value="UTF-8"/>
    <property name="java.library.path" value="/Users/omeryildiz/Library/Java/Extensions:/Library/Java/Extensions:/Network/Library/Java/Extensions:/System/Library/Java/Extensions:/usr/lib/java:."/>
    <property name="java.vm.info" value="mixed mode, sharing"/>
    <property name="stderr.encoding" value="UTF-8"/>
    <property name="java.vendor" value="Oracle Corporation"/>
    <property name="java.vm.version" value="21+35-LTS-2513"/>
    <property name="sun.io.unicode.encoding" value="UnicodeBig"/>
    <property name="socksNonProxyHosts" value="local|*.local|169.254/16|*.169.254/16"/>
    <property name="java.class.version" value="65.0"/>
  </properties>
  <testcase name="testThatGetUserReturnsHttpStatus404WhenNoAuthorExists" classname="com.omery.projectAtm.controller.UserControllerIntegrationTest" time="0.063">
    <system-out><![CDATA[2024-08-15T17:20:49.709+03:00  INFO 25244 --- [           main] t.c.s.AnnotationConfigContextLoaderUtils : Could not detect default configuration classes for test class [com.omery.projectAtm.controller.UserControllerIntegrationTest]: UserControllerIntegrationTest does not declare any static, non-private, non-final, nested classes annotated with @Configuration.
2024-08-15T17:20:49.718+03:00  INFO 25244 --- [           main] .b.t.c.SpringBootTestContextBootstrapper : Found @SpringBootConfiguration com.omery.projectAtm.ProjectAtmApplication for test class com.omery.projectAtm.controller.UserControllerIntegrationTest

  .   ____          _            __ _ _
 /\\ / ___'_ __ _ _(_)_ __  __ _ \ \ \ \
( ( )\___ | '_ | '_| | '_ \/ _` | \ \ \ \
 \\/  ___)| |_)| | | | | || (_| |  ) ) ) )
  '  |____| .__|_| |_|_| |_\__, | / / / /
 =========|_|==============|___/=/_/_/_/
 :: Spring Boot ::                (v3.2.2)

2024-08-15T17:20:49.735+03:00  INFO 25244 --- [           main] c.o.p.c.UserControllerIntegrationTest    : Starting UserControllerIntegrationTest using Java 21 with PID 25244 (started by omeryildiz in /Users/omeryildiz/Documents/GitHub/spring-boot-atmProject/backend)
2024-08-15T17:20:49.736+03:00  INFO 25244 --- [           main] c.o.p.c.UserControllerIntegrationTest    : The following 1 profile is active: "test"
2024-08-15T17:20:49.834+03:00  INFO 25244 --- [           main] .s.d.r.c.RepositoryConfigurationDelegate : Bootstrapping Spring Data JPA repositories in DEFAULT mode.
2024-08-15T17:20:49.841+03:00  INFO 25244 --- [           main] .s.d.r.c.RepositoryConfigurationDelegate : Finished Spring Data repository scanning in 6 ms. Found 2 JPA repository interfaces.
2024-08-15T17:20:49.894+03:00  INFO 25244 --- [           main] o.hibernate.jpa.internal.util.LogHelper  : HHH000204: Processing PersistenceUnitInfo [name: default]
2024-08-15T17:20:49.896+03:00  INFO 25244 --- [           main] o.h.c.internal.RegionFactoryInitiator    : HHH000026: Second-level cache disabled
2024-08-15T17:20:49.897+03:00  INFO 25244 --- [           main] o.s.o.j.p.SpringPersistenceUnitInfo      : No LoadTimeWeaver setup: ignoring JPA class transformer
2024-08-15T17:20:49.898+03:00  INFO 25244 --- [           main] com.zaxxer.hikari.HikariDataSource       : HikariPool-2 - Starting...
2024-08-15T17:20:49.899+03:00  INFO 25244 --- [           main] com.zaxxer.hikari.pool.HikariPool        : HikariPool-2 - Added connection conn10: url=jdbc:h2:mem:public user=POSTGRES
2024-08-15T17:20:49.900+03:00  INFO 25244 --- [           main] com.zaxxer.hikari.HikariDataSource       : HikariPool-2 - Start completed.
2024-08-15T17:20:49.900+03:00  WARN 25244 --- [           main] org.hibernate.orm.deprecation            : HHH90000025: H2Dialect does not need to be specified explicitly using 'hibernate.dialect' (remove the property setting and it will be selected by default)
2024-08-15T17:20:49.931+03:00  INFO 25244 --- [           main] o.h.e.t.j.p.i.JtaPlatformInitiator       : HHH000489: No JTA platform available (set 'hibernate.transaction.jta.platform' to enable JTA platform integration)
Hibernate: drop table if exists accounts cascade 
Hibernate: drop table if exists users cascade 
Hibernate: drop sequence if exists acc_id_seq
Hibernate: drop sequence if exists user_id_seq
Hibernate: create sequence acc_id_seq start with 1 increment by 50
Hibernate: create sequence user_id_seq start with 1 increment by 50
Hibernate: create table accounts (acc_id bigint not null, total_credit bigint not null, user_id bigint not null, primary key (acc_id))
Hibernate: create table users (id bigint not null, email varchar(255) not null unique, first_name varchar(255) not null, last_name varchar(255) not null, password varchar(255) not null, primary key (id))
Hibernate: alter table if exists accounts add constraint FKnjuop33mo69pd79ctplkck40n foreign key (user_id) references users
2024-08-15T17:20:49.935+03:00  INFO 25244 --- [           main] j.LocalContainerEntityManagerFactoryBean : Initialized JPA EntityManagerFactory for persistence unit 'default'
2024-08-15T17:20:50.001+03:00  WARN 25244 --- [           main] JpaBaseConfiguration$JpaWebConfiguration : spring.jpa.open-in-view is enabled by default. Therefore, database queries may be performed during view rendering. Explicitly configure spring.jpa.open-in-view to disable this warning
2024-08-15T17:20:50.083+03:00  INFO 25244 --- [           main] o.s.b.t.m.w.SpringBootMockServletContext : Initializing Spring TestDispatcherServlet ''
2024-08-15T17:20:50.083+03:00  INFO 25244 --- [           main] o.s.t.web.servlet.TestDispatcherServlet  : Initializing Servlet ''
2024-08-15T17:20:50.085+03:00  INFO 25244 --- [           main] o.s.t.web.servlet.TestDispatcherServlet  : Completed initialization in 1 ms
2024-08-15T17:20:50.091+03:00  INFO 25244 --- [           main] c.o.p.c.UserControllerIntegrationTest    : Started UserControllerIntegrationTest in 0.371 seconds (process running for 4.406)
Hibernate: select ue1_0.id,ue1_0.email,ue1_0.first_name,ue1_0.last_name,ue1_0.password from users ue1_0 where ue1_0.id=?
2024-08-15T17:20:50.156+03:00  INFO 25244 --- [           main] j.LocalContainerEntityManagerFactoryBean : Closing JPA EntityManagerFactory for persistence unit 'default'
2024-08-15T17:20:50.157+03:00  INFO 25244 --- [           main] com.zaxxer.hikari.HikariDataSource       : HikariPool-2 - Shutdown initiated...
2024-08-15T17:20:50.157+03:00  INFO 25244 --- [           main] com.zaxxer.hikari.HikariDataSource       : HikariPool-2 - Shutdown completed.
]]></system-out>
  </testcase>
  <testcase name="testThatListUsersReturnsListOfAuthors" classname="com.omery.projectAtm.controller.UserControllerIntegrationTest" time="0.091">
    <system-out><![CDATA[
  .   ____          _            __ _ _
 /\\ / ___'_ __ _ _(_)_ __  __ _ \ \ \ \
( ( )\___ | '_ | '_| | '_ \/ _` | \ \ \ \
 \\/  ___)| |_)| | | | | || (_| |  ) ) ) )
  '  |____| .__|_| |_|_| |_\__, | / / / /
 =========|_|==============|___/=/_/_/_/
 :: Spring Boot ::                (v3.2.2)

2024-08-15T17:20:50.176+03:00  INFO 25244 --- [           main] c.o.p.c.UserControllerIntegrationTest    : Starting UserControllerIntegrationTest using Java 21 with PID 25244 (started by omeryildiz in /Users/omeryildiz/Documents/GitHub/spring-boot-atmProject/backend)
2024-08-15T17:20:50.176+03:00  INFO 25244 --- [           main] c.o.p.c.UserControllerIntegrationTest    : The following 1 profile is active: "test"
2024-08-15T17:20:50.258+03:00  INFO 25244 --- [           main] .s.d.r.c.RepositoryConfigurationDelegate : Bootstrapping Spring Data JPA repositories in DEFAULT mode.
2024-08-15T17:20:50.264+03:00  INFO 25244 --- [           main] .s.d.r.c.RepositoryConfigurationDelegate : Finished Spring Data repository scanning in 5 ms. Found 2 JPA repository interfaces.
2024-08-15T17:20:50.334+03:00  INFO 25244 --- [           main] o.hibernate.jpa.internal.util.LogHelper  : HHH000204: Processing PersistenceUnitInfo [name: default]
2024-08-15T17:20:50.337+03:00  INFO 25244 --- [           main] o.h.c.internal.RegionFactoryInitiator    : HHH000026: Second-level cache disabled
2024-08-15T17:20:50.340+03:00  INFO 25244 --- [           main] o.s.o.j.p.SpringPersistenceUnitInfo      : No LoadTimeWeaver setup: ignoring JPA class transformer
2024-08-15T17:20:50.341+03:00  INFO 25244 --- [           main] com.zaxxer.hikari.HikariDataSource       : HikariPool-3 - Starting...
2024-08-15T17:20:50.343+03:00  INFO 25244 --- [           main] com.zaxxer.hikari.pool.HikariPool        : HikariPool-3 - Added connection conn20: url=jdbc:h2:mem:public user=POSTGRES
2024-08-15T17:20:50.343+03:00  INFO 25244 --- [           main] com.zaxxer.hikari.HikariDataSource       : HikariPool-3 - Start completed.
2024-08-15T17:20:50.343+03:00  WARN 25244 --- [           main] org.hibernate.orm.deprecation            : HHH90000025: H2Dialect does not need to be specified explicitly using 'hibernate.dialect' (remove the property setting and it will be selected by default)
2024-08-15T17:20:50.377+03:00  INFO 25244 --- [           main] o.h.e.t.j.p.i.JtaPlatformInitiator       : HHH000489: No JTA platform available (set 'hibernate.transaction.jta.platform' to enable JTA platform integration)
Hibernate: drop table if exists accounts cascade 
Hibernate: drop table if exists users cascade 
Hibernate: drop sequence if exists acc_id_seq
Hibernate: drop sequence if exists user_id_seq
Hibernate: create sequence acc_id_seq start with 1 increment by 50
Hibernate: create sequence user_id_seq start with 1 increment by 50
Hibernate: create table accounts (acc_id bigint not null, total_credit bigint not null, user_id bigint not null, primary key (acc_id))
Hibernate: create table users (id bigint not null, email varchar(255) not null unique, first_name varchar(255) not null, last_name varchar(255) not null, password varchar(255) not null, primary key (id))
Hibernate: alter table if exists accounts add constraint FKnjuop33mo69pd79ctplkck40n foreign key (user_id) references users
2024-08-15T17:20:50.382+03:00  INFO 25244 --- [           main] j.LocalContainerEntityManagerFactoryBean : Initialized JPA EntityManagerFactory for persistence unit 'default'
2024-08-15T17:20:50.452+03:00  WARN 25244 --- [           main] JpaBaseConfiguration$JpaWebConfiguration : spring.jpa.open-in-view is enabled by default. Therefore, database queries may be performed during view rendering. Explicitly configure spring.jpa.open-in-view to disable this warning
2024-08-15T17:20:50.515+03:00  INFO 25244 --- [           main] o.s.b.t.m.w.SpringBootMockServletContext : Initializing Spring TestDispatcherServlet ''
2024-08-15T17:20:50.516+03:00  INFO 25244 --- [           main] o.s.t.web.servlet.TestDispatcherServlet  : Initializing Servlet ''
2024-08-15T17:20:50.516+03:00  INFO 25244 --- [           main] o.s.t.web.servlet.TestDispatcherServlet  : Completed initialization in 0 ms
2024-08-15T17:20:50.520+03:00  INFO 25244 --- [           main] c.o.p.c.UserControllerIntegrationTest    : Started UserControllerIntegrationTest in 0.361 seconds (process running for 4.835)
Hibernate: select ue1_0.id,ue1_0.email,ue1_0.first_name,ue1_0.last_name,ue1_0.password from users ue1_0 where ue1_0.id=?
Hibernate: select next value for user_id_seq
Hibernate: insert into users (email,first_name,last_name,password,id) values (?,?,?,?,?)
Hibernate: select ue1_0.id,ue1_0.email,ue1_0.first_name,ue1_0.last_name,ue1_0.password from users ue1_0
2024-08-15T17:20:50.611+03:00  INFO 25244 --- [           main] j.LocalContainerEntityManagerFactoryBean : Closing JPA EntityManagerFactory for persistence unit 'default'
2024-08-15T17:20:50.612+03:00  INFO 25244 --- [           main] com.zaxxer.hikari.HikariDataSource       : HikariPool-3 - Shutdown initiated...
2024-08-15T17:20:50.613+03:00  INFO 25244 --- [           main] com.zaxxer.hikari.HikariDataSource       : HikariPool-3 - Shutdown completed.
]]></system-out>
  </testcase>
  <testcase name="testThatDeleteUserRemovesUser" classname="com.omery.projectAtm.controller.UserControllerIntegrationTest" time="0.085">
    <system-out><![CDATA[
  .   ____          _            __ _ _
 /\\ / ___'_ __ _ _(_)_ __  __ _ \ \ \ \
( ( )\___ | '_ | '_| | '_ \/ _` | \ \ \ \
 \\/  ___)| |_)| | | | | || (_| |  ) ) ) )
  '  |____| .__|_| |_|_| |_\__, | / / / /
 =========|_|==============|___/=/_/_/_/
 :: Spring Boot ::                (v3.2.2)

2024-08-15T17:20:50.627+03:00  INFO 25244 --- [           main] c.o.p.c.UserControllerIntegrationTest    : Starting UserControllerIntegrationTest using Java 21 with PID 25244 (started by omeryildiz in /Users/omeryildiz/Documents/GitHub/spring-boot-atmProject/backend)
2024-08-15T17:20:50.627+03:00  INFO 25244 --- [           main] c.o.p.c.UserControllerIntegrationTest    : The following 1 profile is active: "test"
2024-08-15T17:20:50.703+03:00  INFO 25244 --- [           main] .s.d.r.c.RepositoryConfigurationDelegate : Bootstrapping Spring Data JPA repositories in DEFAULT mode.
2024-08-15T17:20:50.710+03:00  INFO 25244 --- [           main] .s.d.r.c.RepositoryConfigurationDelegate : Finished Spring Data repository scanning in 6 ms. Found 2 JPA repository interfaces.
2024-08-15T17:20:50.783+03:00  INFO 25244 --- [           main] o.hibernate.jpa.internal.util.LogHelper  : HHH000204: Processing PersistenceUnitInfo [name: default]
2024-08-15T17:20:50.785+03:00  INFO 25244 --- [           main] o.h.c.internal.RegionFactoryInitiator    : HHH000026: Second-level cache disabled
2024-08-15T17:20:50.787+03:00  INFO 25244 --- [           main] o.s.o.j.p.SpringPersistenceUnitInfo      : No LoadTimeWeaver setup: ignoring JPA class transformer
2024-08-15T17:20:50.787+03:00  INFO 25244 --- [           main] com.zaxxer.hikari.HikariDataSource       : HikariPool-4 - Starting...
2024-08-15T17:20:50.789+03:00  INFO 25244 --- [           main] com.zaxxer.hikari.pool.HikariPool        : HikariPool-4 - Added connection conn30: url=jdbc:h2:mem:public user=POSTGRES
2024-08-15T17:20:50.789+03:00  INFO 25244 --- [           main] com.zaxxer.hikari.HikariDataSource       : HikariPool-4 - Start completed.
2024-08-15T17:20:50.790+03:00  WARN 25244 --- [           main] org.hibernate.orm.deprecation            : HHH90000025: H2Dialect does not need to be specified explicitly using 'hibernate.dialect' (remove the property setting and it will be selected by default)
2024-08-15T17:20:50.842+03:00  INFO 25244 --- [           main] o.h.e.t.j.p.i.JtaPlatformInitiator       : HHH000489: No JTA platform available (set 'hibernate.transaction.jta.platform' to enable JTA platform integration)
Hibernate: drop table if exists accounts cascade 
Hibernate: drop table if exists users cascade 
Hibernate: drop sequence if exists acc_id_seq
Hibernate: drop sequence if exists user_id_seq
Hibernate: create sequence acc_id_seq start with 1 increment by 50
Hibernate: create sequence user_id_seq start with 1 increment by 50
Hibernate: create table accounts (acc_id bigint not null, total_credit bigint not null, user_id bigint not null, primary key (acc_id))
Hibernate: create table users (id bigint not null, email varchar(255) not null unique, first_name varchar(255) not null, last_name varchar(255) not null, password varchar(255) not null, primary key (id))
Hibernate: alter table if exists accounts add constraint FKnjuop33mo69pd79ctplkck40n foreign key (user_id) references users
2024-08-15T17:20:50.849+03:00  INFO 25244 --- [           main] j.LocalContainerEntityManagerFactoryBean : Initialized JPA EntityManagerFactory for persistence unit 'default'
2024-08-15T17:20:50.992+03:00  WARN 25244 --- [           main] JpaBaseConfiguration$JpaWebConfiguration : spring.jpa.open-in-view is enabled by default. Therefore, database queries may be performed during view rendering. Explicitly configure spring.jpa.open-in-view to disable this warning
2024-08-15T17:20:51.077+03:00  INFO 25244 --- [           main] o.s.b.t.m.w.SpringBootMockServletContext : Initializing Spring TestDispatcherServlet ''
2024-08-15T17:20:51.077+03:00  INFO 25244 --- [           main] o.s.t.web.servlet.TestDispatcherServlet  : Initializing Servlet ''
2024-08-15T17:20:51.077+03:00  INFO 25244 --- [           main] o.s.t.web.servlet.TestDispatcherServlet  : Completed initialization in 0 ms
2024-08-15T17:20:51.083+03:00  INFO 25244 --- [           main] c.o.p.c.UserControllerIntegrationTest    : Started UserControllerIntegrationTest in 0.469 seconds (process running for 5.398)
Hibernate: select ue1_0.id,ue1_0.email,ue1_0.first_name,ue1_0.last_name,ue1_0.password from users ue1_0 where ue1_0.id=?
Hibernate: select next value for user_id_seq
Hibernate: insert into users (email,first_name,last_name,password,id) values (?,?,?,?,?)
Hibernate: select count(*) from users ue1_0 where ue1_0.id=?
Hibernate: select ae1_0.acc_id,ae1_0.total_credit,ae1_0.user_id from accounts ae1_0 where ae1_0.user_id=?
Hibernate: select ue1_0.id,ue1_0.email,ue1_0.first_name,ue1_0.last_name,ue1_0.password from users ue1_0 where ue1_0.id=?
Hibernate: delete from users where id=?
Hibernate: select ue1_0.id,ue1_0.email,ue1_0.first_name,ue1_0.last_name,ue1_0.password from users ue1_0 where ue1_0.id=?
2024-08-15T17:20:51.170+03:00  INFO 25244 --- [           main] j.LocalContainerEntityManagerFactoryBean : Closing JPA EntityManagerFactory for persistence unit 'default'
2024-08-15T17:20:51.170+03:00  INFO 25244 --- [           main] com.zaxxer.hikari.HikariDataSource       : HikariPool-4 - Shutdown initiated...
2024-08-15T17:20:51.171+03:00  INFO 25244 --- [           main] com.zaxxer.hikari.HikariDataSource       : HikariPool-4 - Shutdown completed.
]]></system-out>
  </testcase>
  <testcase name="testThatPartialUpdateExistingAuthorReturnsHttpStatus20Ok" classname="com.omery.projectAtm.controller.UserControllerIntegrationTest" time="0.053">
    <system-out><![CDATA[
  .   ____          _            __ _ _
 /\\ / ___'_ __ _ _(_)_ __  __ _ \ \ \ \
( ( )\___ | '_ | '_| | '_ \/ _` | \ \ \ \
 \\/  ___)| |_)| | | | | || (_| |  ) ) ) )
  '  |____| .__|_| |_|_| |_\__, | / / / /
 =========|_|==============|___/=/_/_/_/
 :: Spring Boot ::                (v3.2.2)

2024-08-15T17:20:51.188+03:00  INFO 25244 --- [           main] c.o.p.c.UserControllerIntegrationTest    : Starting UserControllerIntegrationTest using Java 21 with PID 25244 (started by omeryildiz in /Users/omeryildiz/Documents/GitHub/spring-boot-atmProject/backend)
2024-08-15T17:20:51.188+03:00  INFO 25244 --- [           main] c.o.p.c.UserControllerIntegrationTest    : The following 1 profile is active: "test"
2024-08-15T17:20:51.272+03:00  INFO 25244 --- [           main] .s.d.r.c.RepositoryConfigurationDelegate : Bootstrapping Spring Data JPA repositories in DEFAULT mode.
2024-08-15T17:20:51.279+03:00  INFO 25244 --- [           main] .s.d.r.c.RepositoryConfigurationDelegate : Finished Spring Data repository scanning in 6 ms. Found 2 JPA repository interfaces.
2024-08-15T17:20:51.319+03:00  INFO 25244 --- [           main] o.hibernate.jpa.internal.util.LogHelper  : HHH000204: Processing PersistenceUnitInfo [name: default]
2024-08-15T17:20:51.321+03:00  INFO 25244 --- [           main] o.h.c.internal.RegionFactoryInitiator    : HHH000026: Second-level cache disabled
2024-08-15T17:20:51.323+03:00  INFO 25244 --- [           main] o.s.o.j.p.SpringPersistenceUnitInfo      : No LoadTimeWeaver setup: ignoring JPA class transformer
2024-08-15T17:20:51.324+03:00  INFO 25244 --- [           main] com.zaxxer.hikari.HikariDataSource       : HikariPool-5 - Starting...
2024-08-15T17:20:51.326+03:00  INFO 25244 --- [           main] com.zaxxer.hikari.pool.HikariPool        : HikariPool-5 - Added connection conn40: url=jdbc:h2:mem:public user=POSTGRES
2024-08-15T17:20:51.326+03:00  INFO 25244 --- [           main] com.zaxxer.hikari.HikariDataSource       : HikariPool-5 - Start completed.
2024-08-15T17:20:51.326+03:00  WARN 25244 --- [           main] org.hibernate.orm.deprecation            : HHH90000025: H2Dialect does not need to be specified explicitly using 'hibernate.dialect' (remove the property setting and it will be selected by default)
2024-08-15T17:20:51.361+03:00  INFO 25244 --- [           main] o.h.e.t.j.p.i.JtaPlatformInitiator       : HHH000489: No JTA platform available (set 'hibernate.transaction.jta.platform' to enable JTA platform integration)
Hibernate: drop table if exists accounts cascade 
Hibernate: drop table if exists users cascade 
Hibernate: drop sequence if exists acc_id_seq
Hibernate: drop sequence if exists user_id_seq
Hibernate: create sequence acc_id_seq start with 1 increment by 50
Hibernate: create sequence user_id_seq start with 1 increment by 50
Hibernate: create table accounts (acc_id bigint not null, total_credit bigint not null, user_id bigint not null, primary key (acc_id))
Hibernate: create table users (id bigint not null, email varchar(255) not null unique, first_name varchar(255) not null, last_name varchar(255) not null, password varchar(255) not null, primary key (id))
Hibernate: alter table if exists accounts add constraint FKnjuop33mo69pd79ctplkck40n foreign key (user_id) references users
2024-08-15T17:20:51.365+03:00  INFO 25244 --- [           main] j.LocalContainerEntityManagerFactoryBean : Initialized JPA EntityManagerFactory for persistence unit 'default'
2024-08-15T17:20:51.424+03:00  WARN 25244 --- [           main] JpaBaseConfiguration$JpaWebConfiguration : spring.jpa.open-in-view is enabled by default. Therefore, database queries may be performed during view rendering. Explicitly configure spring.jpa.open-in-view to disable this warning
2024-08-15T17:20:51.489+03:00  INFO 25244 --- [           main] o.s.b.t.m.w.SpringBootMockServletContext : Initializing Spring TestDispatcherServlet ''
2024-08-15T17:20:51.489+03:00  INFO 25244 --- [           main] o.s.t.web.servlet.TestDispatcherServlet  : Initializing Servlet ''
2024-08-15T17:20:51.490+03:00  INFO 25244 --- [           main] o.s.t.web.servlet.TestDispatcherServlet  : Completed initialization in 1 ms
2024-08-15T17:20:51.494+03:00  INFO 25244 --- [           main] c.o.p.c.UserControllerIntegrationTest    : Started UserControllerIntegrationTest in 0.321 seconds (process running for 5.809)
Hibernate: select ue1_0.id,ue1_0.email,ue1_0.first_name,ue1_0.last_name,ue1_0.password from users ue1_0 where ue1_0.id=?
Hibernate: select next value for user_id_seq
Hibernate: insert into users (email,first_name,last_name,password,id) values (?,?,?,?,?)
Hibernate: select count(*) from users ue1_0 where ue1_0.id=?
Hibernate: select ue1_0.id,ue1_0.email,ue1_0.first_name,ue1_0.last_name,ue1_0.password from users ue1_0 where ue1_0.id=?
Hibernate: update users set email=?,first_name=?,last_name=?,password=? where id=?
2024-08-15T17:20:51.541+03:00  INFO 25244 --- [           main] j.LocalContainerEntityManagerFactoryBean : Closing JPA EntityManagerFactory for persistence unit 'default'
2024-08-15T17:20:51.542+03:00  INFO 25244 --- [           main] com.zaxxer.hikari.HikariDataSource       : HikariPool-5 - Shutdown initiated...
2024-08-15T17:20:51.549+03:00  INFO 25244 --- [           main] com.zaxxer.hikari.HikariDataSource       : HikariPool-5 - Shutdown completed.
]]></system-out>
  </testcase>
  <testcase name="testThatFullUpdateUserReturnsHttpStatus4200WhenAuthorExists" classname="com.omery.projectAtm.controller.UserControllerIntegrationTest" time="0.018">
    <system-out><![CDATA[
  .   ____          _            __ _ _
 /\\ / ___'_ __ _ _(_)_ __  __ _ \ \ \ \
( ( )\___ | '_ | '_| | '_ \/ _` | \ \ \ \
 \\/  ___)| |_)| | | | | || (_| |  ) ) ) )
  '  |____| .__|_| |_|_| |_\__, | / / / /
 =========|_|==============|___/=/_/_/_/
 :: Spring Boot ::                (v3.2.2)

2024-08-15T17:20:51.562+03:00  INFO 25244 --- [           main] c.o.p.c.UserControllerIntegrationTest    : Starting UserControllerIntegrationTest using Java 21 with PID 25244 (started by omeryildiz in /Users/omeryildiz/Documents/GitHub/spring-boot-atmProject/backend)
2024-08-15T17:20:51.563+03:00  INFO 25244 --- [           main] c.o.p.c.UserControllerIntegrationTest    : The following 1 profile is active: "test"
2024-08-15T17:20:51.627+03:00  INFO 25244 --- [           main] .s.d.r.c.RepositoryConfigurationDelegate : Bootstrapping Spring Data JPA repositories in DEFAULT mode.
2024-08-15T17:20:51.632+03:00  INFO 25244 --- [           main] .s.d.r.c.RepositoryConfigurationDelegate : Finished Spring Data repository scanning in 4 ms. Found 2 JPA repository interfaces.
2024-08-15T17:20:51.669+03:00  INFO 25244 --- [           main] o.hibernate.jpa.internal.util.LogHelper  : HHH000204: Processing PersistenceUnitInfo [name: default]
2024-08-15T17:20:51.670+03:00  INFO 25244 --- [           main] o.h.c.internal.RegionFactoryInitiator    : HHH000026: Second-level cache disabled
2024-08-15T17:20:51.672+03:00  INFO 25244 --- [           main] o.s.o.j.p.SpringPersistenceUnitInfo      : No LoadTimeWeaver setup: ignoring JPA class transformer
2024-08-15T17:20:51.672+03:00  INFO 25244 --- [           main] com.zaxxer.hikari.HikariDataSource       : HikariPool-6 - Starting...
2024-08-15T17:20:51.673+03:00  INFO 25244 --- [           main] com.zaxxer.hikari.pool.HikariPool        : HikariPool-6 - Added connection conn50: url=jdbc:h2:mem:public user=POSTGRES
2024-08-15T17:20:51.673+03:00  INFO 25244 --- [           main] com.zaxxer.hikari.HikariDataSource       : HikariPool-6 - Start completed.
2024-08-15T17:20:51.674+03:00  WARN 25244 --- [           main] org.hibernate.orm.deprecation            : HHH90000025: H2Dialect does not need to be specified explicitly using 'hibernate.dialect' (remove the property setting and it will be selected by default)
2024-08-15T17:20:51.698+03:00  INFO 25244 --- [           main] o.h.e.t.j.p.i.JtaPlatformInitiator       : HHH000489: No JTA platform available (set 'hibernate.transaction.jta.platform' to enable JTA platform integration)
Hibernate: drop table if exists accounts cascade 
Hibernate: drop table if exists users cascade 
Hibernate: drop sequence if exists acc_id_seq
Hibernate: drop sequence if exists user_id_seq
Hibernate: create sequence acc_id_seq start with 1 increment by 50
Hibernate: create sequence user_id_seq start with 1 increment by 50
Hibernate: create table accounts (acc_id bigint not null, total_credit bigint not null, user_id bigint not null, primary key (acc_id))
Hibernate: create table users (id bigint not null, email varchar(255) not null unique, first_name varchar(255) not null, last_name varchar(255) not null, password varchar(255) not null, primary key (id))
Hibernate: alter table if exists accounts add constraint FKnjuop33mo69pd79ctplkck40n foreign key (user_id) references users
2024-08-15T17:20:51.702+03:00  INFO 25244 --- [           main] j.LocalContainerEntityManagerFactoryBean : Initialized JPA EntityManagerFactory for persistence unit 'default'
2024-08-15T17:20:51.751+03:00  WARN 25244 --- [           main] JpaBaseConfiguration$JpaWebConfiguration : spring.jpa.open-in-view is enabled by default. Therefore, database queries may be performed during view rendering. Explicitly configure spring.jpa.open-in-view to disable this warning
2024-08-15T17:20:51.794+03:00  INFO 25244 --- [           main] o.s.b.t.m.w.SpringBootMockServletContext : Initializing Spring TestDispatcherServlet ''
2024-08-15T17:20:51.794+03:00  INFO 25244 --- [           main] o.s.t.web.servlet.TestDispatcherServlet  : Initializing Servlet ''
2024-08-15T17:20:51.795+03:00  INFO 25244 --- [           main] o.s.t.web.servlet.TestDispatcherServlet  : Completed initialization in 1 ms
2024-08-15T17:20:51.799+03:00  INFO 25244 --- [           main] c.o.p.c.UserControllerIntegrationTest    : Started UserControllerIntegrationTest in 0.249 seconds (process running for 6.113)
Hibernate: select ue1_0.id,ue1_0.email,ue1_0.first_name,ue1_0.last_name,ue1_0.password from users ue1_0 where ue1_0.id=?
Hibernate: select next value for user_id_seq
Hibernate: insert into users (email,first_name,last_name,password,id) values (?,?,?,?,?)
Hibernate: select count(*) from users ue1_0 where ue1_0.id=?
Hibernate: select ue1_0.id,ue1_0.email,ue1_0.first_name,ue1_0.last_name,ue1_0.password from users ue1_0 where ue1_0.id=?
2024-08-15T17:20:51.815+03:00  INFO 25244 --- [           main] j.LocalContainerEntityManagerFactoryBean : Closing JPA EntityManagerFactory for persistence unit 'default'
2024-08-15T17:20:51.815+03:00  INFO 25244 --- [           main] com.zaxxer.hikari.HikariDataSource       : HikariPool-6 - Shutdown initiated...
2024-08-15T17:20:51.818+03:00  INFO 25244 --- [           main] com.zaxxer.hikari.HikariDataSource       : HikariPool-6 - Shutdown completed.
]]></system-out>
  </testcase>
  <testcase name="testThatGetUserReturnsWhenUserExist" classname="com.omery.projectAtm.controller.UserControllerIntegrationTest" time="0.019">
    <system-out><![CDATA[
  .   ____          _            __ _ _
 /\\ / ___'_ __ _ _(_)_ __  __ _ \ \ \ \
( ( )\___ | '_ | '_| | '_ \/ _` | \ \ \ \
 \\/  ___)| |_)| | | | | || (_| |  ) ) ) )
  '  |____| .__|_| |_|_| |_\__, | / / / /
 =========|_|==============|___/=/_/_/_/
 :: Spring Boot ::                (v3.2.2)

2024-08-15T17:20:51.830+03:00  INFO 25244 --- [           main] c.o.p.c.UserControllerIntegrationTest    : Starting UserControllerIntegrationTest using Java 21 with PID 25244 (started by omeryildiz in /Users/omeryildiz/Documents/GitHub/spring-boot-atmProject/backend)
2024-08-15T17:20:51.830+03:00  INFO 25244 --- [           main] c.o.p.c.UserControllerIntegrationTest    : The following 1 profile is active: "test"
2024-08-15T17:20:51.887+03:00  INFO 25244 --- [           main] .s.d.r.c.RepositoryConfigurationDelegate : Bootstrapping Spring Data JPA repositories in DEFAULT mode.
2024-08-15T17:20:51.891+03:00  INFO 25244 --- [           main] .s.d.r.c.RepositoryConfigurationDelegate : Finished Spring Data repository scanning in 4 ms. Found 2 JPA repository interfaces.
2024-08-15T17:20:51.927+03:00  INFO 25244 --- [           main] o.hibernate.jpa.internal.util.LogHelper  : HHH000204: Processing PersistenceUnitInfo [name: default]
2024-08-15T17:20:51.928+03:00  INFO 25244 --- [           main] o.h.c.internal.RegionFactoryInitiator    : HHH000026: Second-level cache disabled
2024-08-15T17:20:51.929+03:00  INFO 25244 --- [           main] o.s.o.j.p.SpringPersistenceUnitInfo      : No LoadTimeWeaver setup: ignoring JPA class transformer
2024-08-15T17:20:51.929+03:00  INFO 25244 --- [           main] com.zaxxer.hikari.HikariDataSource       : HikariPool-7 - Starting...
2024-08-15T17:20:51.931+03:00  INFO 25244 --- [           main] com.zaxxer.hikari.pool.HikariPool        : HikariPool-7 - Added connection conn54: url=jdbc:h2:mem:public user=POSTGRES
2024-08-15T17:20:51.931+03:00  INFO 25244 --- [           main] com.zaxxer.hikari.HikariDataSource       : HikariPool-7 - Start completed.
2024-08-15T17:20:51.931+03:00  WARN 25244 --- [           main] org.hibernate.orm.deprecation            : HHH90000025: H2Dialect does not need to be specified explicitly using 'hibernate.dialect' (remove the property setting and it will be selected by default)
2024-08-15T17:20:51.967+03:00  INFO 25244 --- [           main] o.h.e.t.j.p.i.JtaPlatformInitiator       : HHH000489: No JTA platform available (set 'hibernate.transaction.jta.platform' to enable JTA platform integration)
Hibernate: drop table if exists accounts cascade 
Hibernate: drop table if exists users cascade 
Hibernate: drop sequence if exists acc_id_seq
Hibernate: drop sequence if exists user_id_seq
Hibernate: create sequence acc_id_seq start with 1 increment by 50
Hibernate: create sequence user_id_seq start with 1 increment by 50
Hibernate: create table accounts (acc_id bigint not null, total_credit bigint not null, user_id bigint not null, primary key (acc_id))
Hibernate: create table users (id bigint not null, email varchar(255) not null unique, first_name varchar(255) not null, last_name varchar(255) not null, password varchar(255) not null, primary key (id))
Hibernate: alter table if exists accounts add constraint FKnjuop33mo69pd79ctplkck40n foreign key (user_id) references users
2024-08-15T17:20:51.970+03:00  INFO 25244 --- [           main] j.LocalContainerEntityManagerFactoryBean : Initialized JPA EntityManagerFactory for persistence unit 'default'
2024-08-15T17:20:52.015+03:00  WARN 25244 --- [           main] JpaBaseConfiguration$JpaWebConfiguration : spring.jpa.open-in-view is enabled by default. Therefore, database queries may be performed during view rendering. Explicitly configure spring.jpa.open-in-view to disable this warning
2024-08-15T17:20:52.059+03:00  INFO 25244 --- [           main] o.s.b.t.m.w.SpringBootMockServletContext : Initializing Spring TestDispatcherServlet ''
2024-08-15T17:20:52.059+03:00  INFO 25244 --- [           main] o.s.t.web.servlet.TestDispatcherServlet  : Initializing Servlet ''
2024-08-15T17:20:52.060+03:00  INFO 25244 --- [           main] o.s.t.web.servlet.TestDispatcherServlet  : Completed initialization in 1 ms
2024-08-15T17:20:52.064+03:00  INFO 25244 --- [           main] c.o.p.c.UserControllerIntegrationTest    : Started UserControllerIntegrationTest in 0.245 seconds (process running for 6.378)
Hibernate: select ue1_0.id,ue1_0.email,ue1_0.first_name,ue1_0.last_name,ue1_0.password from users ue1_0 where ue1_0.id=?
Hibernate: select next value for user_id_seq
Hibernate: insert into users (email,first_name,last_name,password,id) values (?,?,?,?,?)
Hibernate: select ue1_0.id,ue1_0.email,ue1_0.first_name,ue1_0.last_name,ue1_0.password from users ue1_0 where ue1_0.id=?
2024-08-15T17:20:52.080+03:00  INFO 25244 --- [           main] j.LocalContainerEntityManagerFactoryBean : Closing JPA EntityManagerFactory for persistence unit 'default'
2024-08-15T17:20:52.080+03:00  INFO 25244 --- [           main] com.zaxxer.hikari.HikariDataSource       : HikariPool-7 - Shutdown initiated...
2024-08-15T17:20:52.084+03:00  INFO 25244 --- [           main] com.zaxxer.hikari.HikariDataSource       : HikariPool-7 - Shutdown completed.
]]></system-out>
  </testcase>
  <testcase name="testThatCreateUserSuccessfullyReturnsHttp201Created" classname="com.omery.projectAtm.controller.UserControllerIntegrationTest" time="0.012">
    <system-out><![CDATA[
  .   ____          _            __ _ _
 /\\ / ___'_ __ _ _(_)_ __  __ _ \ \ \ \
( ( )\___ | '_ | '_| | '_ \/ _` | \ \ \ \
 \\/  ___)| |_)| | | | | || (_| |  ) ) ) )
  '  |____| .__|_| |_|_| |_\__, | / / / /
 =========|_|==============|___/=/_/_/_/
 :: Spring Boot ::                (v3.2.2)

2024-08-15T17:20:52.096+03:00  INFO 25244 --- [           main] c.o.p.c.UserControllerIntegrationTest    : Starting UserControllerIntegrationTest using Java 21 with PID 25244 (started by omeryildiz in /Users/omeryildiz/Documents/GitHub/spring-boot-atmProject/backend)
2024-08-15T17:20:52.096+03:00  INFO 25244 --- [           main] c.o.p.c.UserControllerIntegrationTest    : The following 1 profile is active: "test"
2024-08-15T17:20:52.163+03:00  INFO 25244 --- [           main] .s.d.r.c.RepositoryConfigurationDelegate : Bootstrapping Spring Data JPA repositories in DEFAULT mode.
2024-08-15T17:20:52.171+03:00  INFO 25244 --- [           main] .s.d.r.c.RepositoryConfigurationDelegate : Finished Spring Data repository scanning in 8 ms. Found 2 JPA repository interfaces.
2024-08-15T17:20:52.204+03:00  INFO 25244 --- [           main] o.hibernate.jpa.internal.util.LogHelper  : HHH000204: Processing PersistenceUnitInfo [name: default]
2024-08-15T17:20:52.205+03:00  INFO 25244 --- [           main] o.h.c.internal.RegionFactoryInitiator    : HHH000026: Second-level cache disabled
2024-08-15T17:20:52.208+03:00  INFO 25244 --- [           main] o.s.o.j.p.SpringPersistenceUnitInfo      : No LoadTimeWeaver setup: ignoring JPA class transformer
2024-08-15T17:20:52.209+03:00  INFO 25244 --- [           main] com.zaxxer.hikari.HikariDataSource       : HikariPool-8 - Starting...
2024-08-15T17:20:52.210+03:00  INFO 25244 --- [           main] com.zaxxer.hikari.pool.HikariPool        : HikariPool-8 - Added connection conn59: url=jdbc:h2:mem:public user=POSTGRES
2024-08-15T17:20:52.210+03:00  INFO 25244 --- [           main] com.zaxxer.hikari.HikariDataSource       : HikariPool-8 - Start completed.
2024-08-15T17:20:52.210+03:00  WARN 25244 --- [           main] org.hibernate.orm.deprecation            : HHH90000025: H2Dialect does not need to be specified explicitly using 'hibernate.dialect' (remove the property setting and it will be selected by default)
2024-08-15T17:20:52.232+03:00  INFO 25244 --- [           main] o.h.e.t.j.p.i.JtaPlatformInitiator       : HHH000489: No JTA platform available (set 'hibernate.transaction.jta.platform' to enable JTA platform integration)
Hibernate: drop table if exists accounts cascade 
Hibernate: drop table if exists users cascade 
Hibernate: drop sequence if exists acc_id_seq
Hibernate: drop sequence if exists user_id_seq
Hibernate: create sequence acc_id_seq start with 1 increment by 50
Hibernate: create sequence user_id_seq start with 1 increment by 50
Hibernate: create table accounts (acc_id bigint not null, total_credit bigint not null, user_id bigint not null, primary key (acc_id))
Hibernate: create table users (id bigint not null, email varchar(255) not null unique, first_name varchar(255) not null, last_name varchar(255) not null, password varchar(255) not null, primary key (id))
Hibernate: alter table if exists accounts add constraint FKnjuop33mo69pd79ctplkck40n foreign key (user_id) references users
2024-08-15T17:20:52.366+03:00  INFO 25244 --- [           main] j.LocalContainerEntityManagerFactoryBean : Initialized JPA EntityManagerFactory for persistence unit 'default'
2024-08-15T17:20:52.406+03:00  WARN 25244 --- [           main] JpaBaseConfiguration$JpaWebConfiguration : spring.jpa.open-in-view is enabled by default. Therefore, database queries may be performed during view rendering. Explicitly configure spring.jpa.open-in-view to disable this warning
2024-08-15T17:20:52.441+03:00  INFO 25244 --- [           main] o.s.b.t.m.w.SpringBootMockServletContext : Initializing Spring TestDispatcherServlet ''
2024-08-15T17:20:52.441+03:00  INFO 25244 --- [           main] o.s.t.web.servlet.TestDispatcherServlet  : Initializing Servlet ''
2024-08-15T17:20:52.441+03:00  INFO 25244 --- [           main] o.s.t.web.servlet.TestDispatcherServlet  : Completed initialization in 0 ms
2024-08-15T17:20:52.444+03:00  INFO 25244 --- [           main] c.o.p.c.UserControllerIntegrationTest    : Started UserControllerIntegrationTest in 0.359 seconds (process running for 6.759)
Hibernate: select ue1_0.id,ue1_0.email,ue1_0.first_name,ue1_0.last_name,ue1_0.password from users ue1_0 where ue1_0.id=?
Hibernate: select next value for user_id_seq
Hibernate: insert into users (email,first_name,last_name,password,id) values (?,?,?,?,?)
2024-08-15T17:20:52.457+03:00  INFO 25244 --- [           main] j.LocalContainerEntityManagerFactoryBean : Closing JPA EntityManagerFactory for persistence unit 'default'
2024-08-15T17:20:52.457+03:00  INFO 25244 --- [           main] com.zaxxer.hikari.HikariDataSource       : HikariPool-8 - Shutdown initiated...
2024-08-15T17:20:52.458+03:00  INFO 25244 --- [           main] com.zaxxer.hikari.HikariDataSource       : HikariPool-8 - Shutdown completed.
]]></system-out>
  </testcase>
</testsuite>